00040 11:07:10.400048  >>>  b'start\n'
00092 11:07:10.413013  >>>  b'echo:Marlin 1.1.9\n'
00127 11:07:10.413013  >>>  b'\n'
00237 11:07:10.416006  >>>  b'echo: Last Updated: Jul 17 201913:04:55 | Author: (James Deneault, AM ARES)\n'
00298 11:07:10.417004  >>>  b'echo:Compiled: Jul 17 2019\n'
00382 11:07:10.418997  >>>  b'echo: Free Memory: 2836  PlannerBufferBytes: 1440\n'
00473 11:07:10.420992  >>>  b'echo:V55 stored settings retrieved (739 bytes; crc 3949)\n'
00528 11:07:10.420992  >>>  b'echo:  G21    ; (mm)\n'
00595 11:07:10.421989  >>>  b'echo:  M149 C ; Units in Celsius\n'
00630 11:07:10.422987  >>>  b'\n'
00697 11:07:10.423984  >>>  b'echo:Filament settings: Disabled\n'
00749 11:07:10.423984  >>>  b'echo:  M200 D3.00\n'
00798 11:07:10.424982  >>>  b'echo:  M200 D0\n'
00853 11:07:10.425979  >>>  b'echo:Steps per unit:\n'
00932 11:07:10.426976  >>>  b'echo:  M92 X100.50 Y100.50 Z1600.00 E1600.00\n'
01000 11:07:10.427973  >>>  b'echo:Maximum feedrates (units/s):\n'
01075 11:07:10.429968  >>>  b'echo:  M203 X300.00 Y300.00 Z5.00 E40.00\n'
01147 11:07:10.429968  >>>  b'echo:Maximum Acceleration (units/s2):\n'
01217 11:07:10.430965  >>>  b'echo:  M201 X9000 Y9000 Z100 E10000\n'
01329 11:07:10.431963  >>>  b'echo:Acceleration (units/s2): P<print_accel> R<retract_accel> T<travel_accel>\n'
01400 11:07:10.432960  >>>  b'echo:  M204 P500.00 R3000.00 T500.00\n'
01567 11:07:10.434954  >>>  b'echo:Advanced: B<min_segment_time_us> S<min_feedrate> T<min_travel_feedrate> X<max_x_jerk> Y<max_y_jerk> Z<max_z_jerk> E<max_e_jerk>\n'
01657 11:07:10.435953  >>>  b'echo:  M205 B20000 S0.00 T0.00 X8.00 Y8.00 Z0.40 E10.00\n'
01715 11:07:10.436950  >>>  b'echo:Mesh Bed Leveling:\n'
01764 11:07:10.437948  >>>  b'echo:  M420 S0\n'
01827 11:07:10.438944  >>>  b'echo:  G29 S3 X1 Y1 Z0.57000\n'
01890 11:07:10.440939  >>>  b'echo:  G29 S3 X2 Y1 Z0.63000\n'
01953 11:07:10.456896  >>>  b'echo:  G29 S3 X3 Y1 Z0.61000\n'
02016 11:07:10.469862  >>>  b'echo:  G29 S3 X4 Y1 Z0.55000\n'
02079 11:07:10.470859  >>>  b'echo:  G29 S3 X5 Y1 Z0.47000\n'
02142 11:07:10.471856  >>>  b'echo:  G29 S3 X6 Y1 Z0.38000\n'
02205 11:07:10.472854  >>>  b'echo:  G29 S3 X1 Y2 Z0.51000\n'
02268 11:07:10.472854  >>>  b'echo:  G29 S3 X2 Y2 Z0.60000\n'
02331 11:07:10.473851  >>>  b'echo:  G29 S3 X3 Y2 Z0.60000\n'
02394 11:07:10.474850  >>>  b'echo:  G29 S3 X4 Y2 Z0.55000\n'
02457 11:07:10.475845  >>>  b'echo:  G29 S3 X5 Y2 Z0.49000\n'
02520 11:07:10.477841  >>>  b'echo:  G29 S3 X6 Y2 Z0.43000\n'
02583 11:07:10.477841  >>>  b'echo:  G29 S3 X1 Y3 Z0.47000\n'
02646 11:07:10.478838  >>>  b'echo:  G29 S3 X2 Y3 Z0.58000\n'
02709 11:07:10.486816  >>>  b'echo:  G29 S3 X3 Y3 Z0.60000\n'
02772 11:07:10.492800  >>>  b'echo:  G29 S3 X4 Y3 Z0.57000\n'
02835 11:07:10.504769  >>>  b'echo:  G29 S3 X5 Y3 Z0.54000\n'
02898 11:07:10.517736  >>>  b'echo:  G29 S3 X6 Y3 Z0.48000\n'
02961 11:07:10.531696  >>>  b'echo:  G29 S3 X1 Y4 Z0.44000\n'
03024 11:07:10.532695  >>>  b'echo:  G29 S3 X2 Y4 Z0.56000\n'
03087 11:07:10.538678  >>>  b'echo:  G29 S3 X3 Y4 Z0.59000\n'
03150 11:07:10.539675  >>>  b'echo:  G29 S3 X4 Y4 Z0.59000\n'
03213 11:07:10.547654  >>>  b'echo:  G29 S3 X5 Y4 Z0.56000\n'
03276 11:07:10.547654  >>>  b'echo:  G29 S3 X6 Y4 Z0.51000\n'
03339 11:07:10.548651  >>>  b'echo:  G29 S3 X1 Y5 Z0.42000\n'
03402 11:07:10.549649  >>>  b'echo:  G29 S3 X2 Y5 Z0.56000\n'
03465 11:07:10.550646  >>>  b'echo:  G29 S3 X3 Y5 Z0.61000\n'
03528 11:07:10.552640  >>>  b'echo:  G29 S3 X4 Y5 Z0.62000\n'
03591 11:07:10.563611  >>>  b'echo:  G29 S3 X5 Y5 Z0.60000\n'
03654 11:07:10.575579  >>>  b'echo:  G29 S3 X6 Y5 Z0.57000\n'
03721 11:07:10.576576  >>>  b'echo:Material heatup parameters:\n'
03781 11:07:10.577573  >>>  b'echo:  M145 S0 H20 B20 F0\n'
03841 11:07:10.577573  >>>  b'echo:  M145 S1 H20 B20 F0\n'
03894 11:07:10.578571  >>>  b'echo:PID settings:\n'
03961 11:07:10.578571  >>>  b'echo:  M301 P28.79 I1.91 D108.51\n'
04030 11:07:10.579568  >>>  b'echo:  M304 P162.00 I17.00 D378.00\n'
04085 11:07:10.579568  >>>  b'echo:Linear Advance:\n'
04137 11:07:10.580566  >>>  b'echo:  M900 K0.00\n'
04206 11:07:10.581563  >>>  b'echo:Filament load/unload lengths:\n'
04266 11:07:10.581563  >>>  b'echo:  M603 L40.00 U80.00\n'
04323 11:07:10.581563  No output available at this time
04367 11:07:10.581563  Commutating motors:
04420 11:07:10.581563  sendCommand:  M17 wait=False
04470 11:07:10.582564  Dynamic home = [10, 0, 6]
04516 11:07:10.583557  Grid home = [0, 0, 0]
04580 11:07:10.583557  Current offsets = [-68.15, -5.75, 5.63]
04633 11:07:10.583557  Bound port 5005 for Terminal
04692 11:07:11.419322  ERROR in VisionUtils.openLightPort
04865 11:07:11.420319  	Cannot configure port, something went wrong. Original message: PermissionError(13, 'A device attached to the system is not functioning.', None, 31)
04919 11:07:11.420319  ERROR in VisionUtils.setLight
04986 11:07:11.420319  	Attempting to use a port that is not open
05036 11:07:11.420319  Process lights set to 255
05095 11:07:11.424308  ERROR in VisionUtils.openLightPort
05268 11:07:11.428298  	Cannot configure port, something went wrong. Original message: PermissionError(13, 'A device attached to the system is not functioning.', None, 31)
05322 11:07:11.444255  ERROR in VisionUtils.setLight
05389 11:07:11.444255  	Attempting to use a port that is not open
05441 11:07:11.444255  Alignment lights set to 255
