00040 11:12:58.143374  >>>  b'start\n'
00092 11:12:58.144371  >>>  b'echo:Marlin 1.1.9\n'
00127 11:12:58.144371  >>>  b'\n'
00237 11:12:58.145369  >>>  b'echo: Last Updated: Jul 17 201913:04:55 | Author: (James Deneault, AM ARES)\n'
00298 11:12:58.146366  >>>  b'echo:Compiled: Jul 17 2019\n'
00382 11:12:58.147369  >>>  b'echo: Free Memory: 2836  PlannerBufferBytes: 1440\n'
00473 11:12:58.163320  >>>  b'echo:V55 stored settings retrieved (739 bytes; crc 3949)\n'
00528 11:12:58.176285  >>>  b'echo:  G21    ; (mm)\n'
00595 11:12:58.177298  >>>  b'echo:  M149 C ; Units in Celsius\n'
00630 11:12:58.181272  >>>  b'\n'
00697 11:12:58.201219  >>>  b'echo:Filament settings: Disabled\n'
00749 11:12:58.201219  >>>  b'echo:  M200 D3.00\n'
00798 11:12:58.202217  >>>  b'echo:  M200 D0\n'
00853 11:12:58.203214  >>>  b'echo:Steps per unit:\n'
00932 11:12:58.204211  >>>  b'echo:  M92 X100.50 Y100.50 Z1600.00 E1600.00\n'
01000 11:12:58.204211  >>>  b'echo:Maximum feedrates (units/s):\n'
01075 11:12:58.205208  >>>  b'echo:  M203 X300.00 Y300.00 Z5.00 E40.00\n'
01147 11:12:58.206205  >>>  b'echo:Maximum Acceleration (units/s2):\n'
01217 11:12:58.210195  >>>  b'echo:  M201 X9000 Y9000 Z100 E10000\n'
01329 11:12:58.212191  >>>  b'echo:Acceleration (units/s2): P<print_accel> R<retract_accel> T<travel_accel>\n'
01400 11:12:58.212191  >>>  b'echo:  M204 P500.00 R3000.00 T500.00\n'
01567 11:12:58.216179  >>>  b'echo:Advanced: B<min_segment_time_us> S<min_feedrate> T<min_travel_feedrate> X<max_x_jerk> Y<max_y_jerk> Z<max_z_jerk> E<max_e_jerk>\n'
01657 11:12:58.231139  >>>  b'echo:  M205 B20000 S0.00 T0.00 X8.00 Y8.00 Z0.40 E10.00\n'
01715 11:12:58.238120  >>>  b'echo:Mesh Bed Leveling:\n'
01764 11:12:58.247098  >>>  b'echo:  M420 S0\n'
01827 11:12:58.247098  >>>  b'echo:  G29 S3 X1 Y1 Z0.57000\n'
01890 11:12:58.249091  >>>  b'echo:  G29 S3 X2 Y1 Z0.63000\n'
01953 11:12:58.250088  >>>  b'echo:  G29 S3 X3 Y1 Z0.61000\n'
02016 11:12:58.251085  >>>  b'echo:  G29 S3 X4 Y1 Z0.55000\n'
02079 11:12:58.252083  >>>  b'echo:  G29 S3 X5 Y1 Z0.47000\n'
02142 11:12:58.252083  >>>  b'echo:  G29 S3 X6 Y1 Z0.38000\n'
02205 11:12:58.253080  >>>  b'echo:  G29 S3 X1 Y2 Z0.51000\n'
02268 11:12:58.254077  >>>  b'echo:  G29 S3 X2 Y2 Z0.60000\n'
02331 11:12:58.255074  >>>  b'echo:  G29 S3 X3 Y2 Z0.60000\n'
02394 11:12:58.256072  >>>  b'echo:  G29 S3 X4 Y2 Z0.55000\n'
02457 11:12:58.256072  >>>  b'echo:  G29 S3 X5 Y2 Z0.49000\n'
02520 11:12:58.257070  >>>  b'echo:  G29 S3 X6 Y2 Z0.43000\n'
02583 11:12:58.260063  >>>  b'echo:  G29 S3 X1 Y3 Z0.47000\n'
02646 11:12:58.275021  >>>  b'echo:  G29 S3 X2 Y3 Z0.58000\n'
02709 11:12:58.282003  >>>  b'echo:  G29 S3 X3 Y3 Z0.60000\n'
02772 11:12:58.288984  >>>  b'echo:  G29 S3 X4 Y3 Z0.57000\n'
02835 11:12:58.289982  >>>  b'echo:  G29 S3 X5 Y3 Z0.54000\n'
02898 11:12:58.289982  >>>  b'echo:  G29 S3 X6 Y3 Z0.48000\n'
02961 11:12:58.290979  >>>  b'echo:  G29 S3 X1 Y4 Z0.44000\n'
03024 11:12:58.291976  >>>  b'echo:  G29 S3 X2 Y4 Z0.56000\n'
03087 11:12:58.292974  >>>  b'echo:  G29 S3 X3 Y4 Z0.59000\n'
03150 11:12:58.293971  >>>  b'echo:  G29 S3 X4 Y4 Z0.59000\n'
03213 11:12:58.294968  >>>  b'echo:  G29 S3 X5 Y4 Z0.56000\n'
03276 11:12:58.295965  >>>  b'echo:  G29 S3 X6 Y4 Z0.51000\n'
03339 11:12:58.296962  >>>  b'echo:  G29 S3 X1 Y5 Z0.42000\n'
03402 11:12:58.297960  >>>  b'echo:  G29 S3 X2 Y5 Z0.56000\n'
03465 11:12:58.298962  >>>  b'echo:  G29 S3 X3 Y5 Z0.61000\n'
03528 11:12:58.299955  >>>  b'echo:  G29 S3 X4 Y5 Z0.62000\n'
03591 11:12:58.312921  >>>  b'echo:  G29 S3 X5 Y5 Z0.60000\n'
03654 11:12:58.330873  >>>  b'echo:  G29 S3 X6 Y5 Z0.57000\n'
03721 11:12:58.330873  >>>  b'echo:Material heatup parameters:\n'
03781 11:12:58.331870  >>>  b'echo:  M145 S0 H20 B20 F0\n'
03841 11:12:58.331870  >>>  b'echo:  M145 S1 H20 B20 F0\n'
03894 11:12:58.332868  >>>  b'echo:PID settings:\n'
03961 11:12:58.332868  >>>  b'echo:  M301 P28.79 I1.91 D108.51\n'
04030 11:12:58.333865  >>>  b'echo:  M304 P162.00 I17.00 D378.00\n'
04085 11:12:58.334861  >>>  b'echo:Linear Advance:\n'
04137 11:12:58.335858  >>>  b'echo:  M900 K0.00\n'
04206 11:12:58.336856  >>>  b'echo:Filament load/unload lengths:\n'
04266 11:12:58.337853  >>>  b'echo:  M603 L40.00 U80.00\n'
04323 11:12:58.338851  No output available at this time
04367 11:12:58.352813  Commutating motors:
04420 11:12:58.352813  sendCommand:  M17 wait=False
04470 11:12:58.353811  Dynamic home = [10, 0, 6]
04516 11:12:58.354808  Grid home = [0, 0, 0]
04580 11:12:58.371764  Current offsets = [-68.15, -5.75, 5.63]
04633 11:12:58.372761  Bound port 5005 for Terminal
04692 11:12:59.219498  ERROR in VisionUtils.openLightPort
04865 11:12:59.220495  	Cannot configure port, something went wrong. Original message: PermissionError(13, 'A device attached to the system is not functioning.', None, 31)
04919 11:12:59.226477  ERROR in VisionUtils.setLight
04986 11:12:59.227475  	Attempting to use a port that is not open
05036 11:12:59.227475  Process lights set to 255
05095 11:12:59.231463  ERROR in VisionUtils.openLightPort
05268 11:12:59.240440  	Cannot configure port, something went wrong. Original message: PermissionError(13, 'A device attached to the system is not functioning.', None, 31)
05322 11:12:59.241437  ERROR in VisionUtils.setLight
05389 11:12:59.256396  	Attempting to use a port that is not open
05441 11:12:59.256396  Alignment lights set to 255
05494 11:13:03.674581  sendCommand:  G91 wait=False
05541 11:13:03.674581  Motion mode = relative
05588 11:13:03.776307  Running homing routine
05641 11:13:03.779300  sendCommand:  G28 wait=False
05695 11:13:03.794260  sendCommand:  M400 wait=False
05761 11:13:03.795258  sendCommand:  G92 X-59 Y253 Z5 wait=False
05819 11:13:03.795258  sendCommand:  G0 F6000 wait=False
05883 11:13:03.797252  sendCommand:  G0 X71.5 Y-221 wait=False
05937 11:13:03.797252  sendCommand:  M400 wait=False
06000 11:13:03.799247  sendCommand:  G92 X10 Y0 Z6 wait=False
06050 11:13:03.799247  Dynamic home = [10, 0, 6]
06096 11:13:03.799247  Grid home = [0, 0, 0]
06160 11:13:03.799247  Current offsets = [-68.15, -5.75, 5.63]
06213 11:13:03.799247  sendCommand:  G90 wait=False
06260 11:13:03.800244  Motion mode = absolute
06305 11:13:03.800244  Requesting position:
06378 11:13:03.800244  >>>  b'echo:Hardcoded Default Settings Loaded\n'
06415 11:13:03.800244  >>>  b'ok\n'
06480 11:13:03.801242  >>>  b'echo:Unknown command: "b\'M17"\n'
06517 11:13:03.801242  >>>  b'ok\n'
06595 11:13:03.802239  >>>  b'echo:Unknown command: "\'b\'M300 P45 S2500"\n'
06632 11:13:03.802239  >>>  b'ok\n'
06699 11:13:03.803237  >>>  b'echo:Unknown command: "\'b\'G91"\n'
06736 11:13:03.803237  >>>  b'ok\n'
06803 11:13:03.803237  >>>  b'echo:Unknown command: "\'b\'G28"\n'
06840 11:13:03.803237  >>>  b'ok\n'
06908 11:13:03.804235  >>>  b'echo:Unknown command: "\'b\'M400"\n'
06945 11:13:03.804235  >>>  b'ok\n'
07025 11:13:03.805231  >>>  b'echo:Unknown command: "\'b\'G92 X-59 Y253 Z5"\n'
07062 11:13:03.819193  >>>  b'ok\n'
07134 11:13:03.835151  >>>  b'echo:Unknown command: "\'b\'G0 F6000"\n'
07171 11:13:03.835151  >>>  b'ok\n'
07249 11:13:03.836148  >>>  b'echo:Unknown command: "\'b\'G0 X71.5 Y-221"\n'
07286 11:13:03.836148  >>>  b'ok\n'
07354 11:13:03.837145  >>>  b'echo:Unknown command: "\'b\'M400"\n'
07391 11:13:03.837145  >>>  b'ok\n'
07468 11:13:03.838142  >>>  b'echo:Unknown command: "\'b\'G92 X10 Y0 Z6"\n'
07505 11:13:03.838142  >>>  b'ok\n'
07572 11:13:03.839140  >>>  b'echo:Unknown command: "\'b\'G90"\n'
07609 11:13:03.839140  >>>  b'ok\n'
07663 11:13:03.839140  sendCommand:  M114 wait=False
