00040 11:08:53.144114  >>>  b'start\n'
00092 11:08:53.151095  >>>  b'echo:Marlin 1.1.9\n'
00127 11:08:53.151095  >>>  b'\n'
00237 11:08:53.154090  >>>  b'echo: Last Updated: Jul 17 201913:04:55 | Author: (James Deneault, AM ARES)\n'
00298 11:08:53.212930  >>>  b'echo:Compiled: Jul 17 2019\n'
00382 11:08:53.213928  >>>  b'echo: Free Memory: 2836  PlannerBufferBytes: 1440\n'
00473 11:08:53.217917  >>>  b'echo:V55 stored settings retrieved (739 bytes; crc 3949)\n'
00528 11:08:53.217917  >>>  b'echo:  G21    ; (mm)\n'
00595 11:08:53.218914  >>>  b'echo:  M149 C ; Units in Celsius\n'
00630 11:08:53.218914  >>>  b'\n'
00697 11:08:53.220908  >>>  b'echo:Filament settings: Disabled\n'
00749 11:08:53.233875  >>>  b'echo:  M200 D3.00\n'
00798 11:08:53.252827  >>>  b'echo:  M200 D0\n'
00853 11:08:53.253822  >>>  b'echo:Steps per unit:\n'
00932 11:08:53.254818  >>>  b'echo:  M92 X100.50 Y100.50 Z1600.00 E1600.00\n'
01000 11:08:53.255817  >>>  b'echo:Maximum feedrates (units/s):\n'
01075 11:08:53.256814  >>>  b'echo:  M203 X300.00 Y300.00 Z5.00 E40.00\n'
01147 11:08:53.257810  >>>  b'echo:Maximum Acceleration (units/s2):\n'
01217 11:08:53.258807  >>>  b'echo:  M201 X9000 Y9000 Z100 E10000\n'
01329 11:08:53.260802  >>>  b'echo:Acceleration (units/s2): P<print_accel> R<retract_accel> T<travel_accel>\n'
01400 11:08:53.261799  >>>  b'echo:  M204 P500.00 R3000.00 T500.00\n'
01567 11:08:53.263794  >>>  b'echo:Advanced: B<min_segment_time_us> S<min_feedrate> T<min_travel_feedrate> X<max_x_jerk> Y<max_y_jerk> Z<max_z_jerk> E<max_e_jerk>\n'
01657 11:08:53.267783  >>>  b'echo:  M205 B20000 S0.00 T0.00 X8.00 Y8.00 Z0.40 E10.00\n'
01715 11:08:53.282743  >>>  b'echo:Mesh Bed Leveling:\n'
01764 11:08:53.289724  >>>  b'echo:  M420 S0\n'
01827 11:08:53.296706  >>>  b'echo:  G29 S3 X1 Y1 Z0.57000\n'
01890 11:08:53.297703  >>>  b'echo:  G29 S3 X2 Y1 Z0.63000\n'
01953 11:08:53.298700  >>>  b'echo:  G29 S3 X3 Y1 Z0.61000\n'
02016 11:08:53.298700  >>>  b'echo:  G29 S3 X4 Y1 Z0.55000\n'
02079 11:08:53.299698  >>>  b'echo:  G29 S3 X5 Y1 Z0.47000\n'
02142 11:08:53.300695  >>>  b'echo:  G29 S3 X6 Y1 Z0.38000\n'
02205 11:08:53.301693  >>>  b'echo:  G29 S3 X1 Y2 Z0.51000\n'
02268 11:08:53.302692  >>>  b'echo:  G29 S3 X2 Y2 Z0.60000\n'
02331 11:08:53.303692  >>>  b'echo:  G29 S3 X3 Y2 Z0.60000\n'
02394 11:08:53.305683  >>>  b'echo:  G29 S3 X4 Y2 Z0.55000\n'
02457 11:08:53.318648  >>>  b'echo:  G29 S3 X5 Y2 Z0.49000\n'
02520 11:08:53.331614  >>>  b'echo:  G29 S3 X6 Y2 Z0.43000\n'
02583 11:08:53.332610  >>>  b'echo:  G29 S3 X1 Y3 Z0.47000\n'
02646 11:08:53.333608  >>>  b'echo:  G29 S3 X2 Y3 Z0.58000\n'
02709 11:08:53.335608  >>>  b'echo:  G29 S3 X3 Y3 Z0.60000\n'
02772 11:08:53.336603  >>>  b'echo:  G29 S3 X4 Y3 Z0.57000\n'
02835 11:08:53.337599  >>>  b'echo:  G29 S3 X5 Y3 Z0.54000\n'
02898 11:08:53.339592  >>>  b'echo:  G29 S3 X6 Y3 Z0.48000\n'
02961 11:08:53.340589  >>>  b'echo:  G29 S3 X1 Y4 Z0.44000\n'
03024 11:08:53.341586  >>>  b'echo:  G29 S3 X2 Y4 Z0.56000\n'
03087 11:08:53.341586  >>>  b'echo:  G29 S3 X3 Y4 Z0.59000\n'
03150 11:08:53.342583  >>>  b'echo:  G29 S3 X4 Y4 Z0.59000\n'
03213 11:08:53.342583  >>>  b'echo:  G29 S3 X5 Y4 Z0.56000\n'
03276 11:08:53.342583  >>>  b'echo:  G29 S3 X6 Y4 Z0.51000\n'
03339 11:08:53.350580  >>>  b'echo:  G29 S3 X1 Y5 Z0.42000\n'
03402 11:08:53.364525  >>>  b'echo:  G29 S3 X2 Y5 Z0.56000\n'
03465 11:08:53.377491  >>>  b'echo:  G29 S3 X3 Y5 Z0.61000\n'
03528 11:08:53.377491  >>>  b'echo:  G29 S3 X4 Y5 Z0.62000\n'
03591 11:08:53.378488  >>>  b'echo:  G29 S3 X5 Y5 Z0.60000\n'
03654 11:08:53.379484  >>>  b'echo:  G29 S3 X6 Y5 Z0.57000\n'
03721 11:08:53.380483  >>>  b'echo:Material heatup parameters:\n'
03781 11:08:53.381479  >>>  b'echo:  M145 S0 H20 B20 F0\n'
03841 11:08:53.382478  >>>  b'echo:  M145 S1 H20 B20 F0\n'
03894 11:08:53.383474  >>>  b'echo:PID settings:\n'
03961 11:08:53.384472  >>>  b'echo:  M301 P28.79 I1.91 D108.51\n'
04030 11:08:53.387465  >>>  b'echo:  M304 P162.00 I17.00 D378.00\n'
04085 11:08:53.388463  >>>  b'echo:Linear Advance:\n'
04137 11:08:53.389461  >>>  b'echo:  M900 K0.00\n'
04206 11:08:53.425363  >>>  b'echo:Filament load/unload lengths:\n'
04266 11:08:53.442318  >>>  b'echo:  M603 L40.00 U80.00\n'
04323 11:08:53.442318  No output available at this time
04367 11:08:53.442318  Commutating motors:
04420 11:08:53.442318  sendCommand:  M17 wait=False
04470 11:08:53.443315  Dynamic home = [10, 0, 6]
04516 11:08:53.443315  Grid home = [0, 0, 0]
04580 11:08:53.443315  Current offsets = [-68.15, -5.75, 5.63]
04633 11:08:53.443315  Bound port 5005 for Terminal
04692 11:08:54.225228  ERROR in VisionUtils.openLightPort
04865 11:08:54.241180  	Cannot configure port, something went wrong. Original message: PermissionError(13, 'A device attached to the system is not functioning.', None, 31)
04919 11:08:54.241180  ERROR in VisionUtils.setLight
04986 11:08:54.255143  	Attempting to use a port that is not open
05036 11:08:54.255143  Process lights set to 255
05095 11:08:54.259132  ERROR in VisionUtils.openLightPort
05268 11:08:54.259132  	Cannot configure port, something went wrong. Original message: PermissionError(13, 'A device attached to the system is not functioning.', None, 31)
05322 11:08:54.259132  ERROR in VisionUtils.setLight
05389 11:08:54.259132  	Attempting to use a port that is not open
05441 11:08:54.259132  Alignment lights set to 255
05494 11:09:33.529131  sendCommand:  G91 wait=False
05541 11:09:33.530106  Motion mode = relative
05588 11:09:33.630831  Running homing routine
05641 11:09:33.630831  sendCommand:  G28 wait=False
05695 11:09:33.630831  sendCommand:  M400 wait=False
05761 11:09:33.630831  sendCommand:  G92 X-59 Y253 Z5 wait=False
05819 11:09:33.631829  sendCommand:  G0 F6000 wait=False
05883 11:09:33.631829  sendCommand:  G0 X71.5 Y-221 wait=False
05937 11:09:33.632825  sendCommand:  M400 wait=False
06000 11:09:33.633847  sendCommand:  G92 X10 Y0 Z6 wait=False
06050 11:09:33.633847  Dynamic home = [10, 0, 6]
06096 11:09:33.633847  Grid home = [0, 0, 0]
06160 11:09:33.633847  Current offsets = [-68.15, -5.75, 5.63]
06213 11:09:33.633847  sendCommand:  G90 wait=False
06260 11:09:33.634845  Motion mode = absolute
06305 11:09:33.634845  Requesting position:
06378 11:09:33.635817  >>>  b'echo:Hardcoded Default Settings Loaded\n'
06415 11:09:33.635817  >>>  b'ok\n'
06480 11:09:33.636814  >>>  b'echo:Unknown command: "b\'M17"\n'
06517 11:09:33.636814  >>>  b'ok\n'
06595 11:09:33.637811  >>>  b'echo:Unknown command: "\'b\'M300 P45 S2500"\n'
06632 11:09:33.637811  >>>  b'ok\n'
06699 11:09:33.638808  >>>  b'echo:Unknown command: "\'b\'G91"\n'
06736 11:09:33.638808  >>>  b'ok\n'
06803 11:09:33.638808  >>>  b'echo:Unknown command: "\'b\'G28"\n'
06840 11:09:33.638808  >>>  b'ok\n'
06908 11:09:33.639805  >>>  b'echo:Unknown command: "\'b\'M400"\n'
06945 11:09:33.639805  >>>  b'ok\n'
07025 11:09:33.640803  >>>  b'echo:Unknown command: "\'b\'G92 X-59 Y253 Z5"\n'
07062 11:09:33.640803  >>>  b'ok\n'
07134 11:09:33.640803  >>>  b'echo:Unknown command: "\'b\'G0 F6000"\n'
07171 11:09:33.641800  >>>  b'ok\n'
07249 11:09:33.642833  >>>  b'echo:Unknown command: "\'b\'G0 X71.5 Y-221"\n'
07286 11:09:33.643795  >>>  b'ok\n'
07354 11:09:33.643795  >>>  b'echo:Unknown command: "\'b\'M400"\n'
07391 11:09:33.643795  >>>  b'ok\n'
07468 11:09:33.644792  >>>  b'echo:Unknown command: "\'b\'G92 X10 Y0 Z6"\n'
07505 11:09:33.644792  >>>  b'ok\n'
07572 11:09:33.647784  >>>  b'echo:Unknown command: "\'b\'G90"\n'
07609 11:09:33.647784  >>>  b'ok\n'
07663 11:09:33.647784  sendCommand:  M114 wait=False
