00040 11:27:41.984466  >>>  b'start\n'
00092 11:27:41.985464  >>>  b'echo:Marlin 1.1.9\n'
00127 11:27:41.985464  >>>  b'\n'
00237 11:27:41.987459  >>>  b'echo: Last Updated: Jul 17 201913:04:55 | Author: (James Deneault, AM ARES)\n'
00298 11:27:41.988456  >>>  b'echo:Compiled: Jul 17 2019\n'
00382 11:27:41.989453  >>>  b'echo: Free Memory: 2836  PlannerBufferBytes: 1440\n'
00473 11:27:41.991448  >>>  b'echo:V55 stored settings retrieved (739 bytes; crc 3949)\n'
00528 11:27:41.992446  >>>  b'echo:  G21    ; (mm)\n'
00595 11:27:41.993443  >>>  b'echo:  M149 C ; Units in Celsius\n'
00630 11:27:41.993443  >>>  b'\n'
00697 11:27:41.994440  >>>  b'echo:Filament settings: Disabled\n'
00749 11:27:41.995437  >>>  b'echo:  M200 D3.00\n'
00798 11:27:41.996435  >>>  b'echo:  M200 D0\n'
00853 11:27:41.996435  >>>  b'echo:Steps per unit:\n'
00932 11:27:41.998429  >>>  b'echo:  M92 X100.50 Y100.50 Z1600.00 E1600.00\n'
01000 11:27:41.998429  >>>  b'echo:Maximum feedrates (units/s):\n'
01075 11:27:42.001421  >>>  b'echo:  M203 X300.00 Y300.00 Z5.00 E40.00\n'
01147 11:27:42.002419  >>>  b'echo:Maximum Acceleration (units/s2):\n'
01217 11:27:42.004418  >>>  b'echo:  M201 X9000 Y9000 Z100 E10000\n'
01329 11:27:42.022365  >>>  b'echo:Acceleration (units/s2): P<print_accel> R<retract_accel> T<travel_accel>\n'
01400 11:27:42.039320  >>>  b'echo:  M204 P500.00 R3000.00 T500.00\n'
01567 11:27:42.043309  >>>  b'echo:Advanced: B<min_segment_time_us> S<min_feedrate> T<min_travel_feedrate> X<max_x_jerk> Y<max_y_jerk> Z<max_z_jerk> E<max_e_jerk>\n'
01657 11:27:42.045304  >>>  b'echo:  M205 B20000 S0.00 T0.00 X8.00 Y8.00 Z0.40 E10.00\n'
01715 11:27:42.058269  >>>  b'echo:Mesh Bed Leveling:\n'
01764 11:27:42.077219  >>>  b'echo:  M420 S0\n'
01827 11:27:42.079214  >>>  b'echo:  G29 S3 X1 Y1 Z0.57000\n'
01890 11:27:42.094173  >>>  b'echo:  G29 S3 X2 Y1 Z0.63000\n'
01953 11:27:42.108136  >>>  b'echo:  G29 S3 X3 Y1 Z0.61000\n'
02016 11:27:42.109133  >>>  b'echo:  G29 S3 X4 Y1 Z0.55000\n'
02079 11:27:42.110130  >>>  b'echo:  G29 S3 X5 Y1 Z0.47000\n'
02142 11:27:42.112128  >>>  b'echo:  G29 S3 X6 Y1 Z0.38000\n'
02205 11:27:42.112128  >>>  b'echo:  G29 S3 X1 Y2 Z0.51000\n'
02268 11:27:42.115119  >>>  b'echo:  G29 S3 X2 Y2 Z0.60000\n'
02331 11:27:42.117112  >>>  b'echo:  G29 S3 X3 Y2 Z0.60000\n'
02394 11:27:42.118110  >>>  b'echo:  G29 S3 X4 Y2 Z0.55000\n'
02457 11:27:42.118110  >>>  b'echo:  G29 S3 X5 Y2 Z0.49000\n'
02520 11:27:42.119107  >>>  b'echo:  G29 S3 X6 Y2 Z0.43000\n'
02583 11:27:42.119107  >>>  b'echo:  G29 S3 X1 Y3 Z0.47000\n'
02646 11:27:42.120105  >>>  b'echo:  G29 S3 X2 Y3 Z0.58000\n'
02709 11:27:42.128083  >>>  b'echo:  G29 S3 X3 Y3 Z0.60000\n'
02772 11:27:42.146034  >>>  b'echo:  G29 S3 X4 Y3 Z0.57000\n'
02835 11:27:42.162007  >>>  b'echo:  G29 S3 X5 Y3 Z0.54000\n'
02898 11:27:42.162007  >>>  b'echo:  G29 S3 X6 Y3 Z0.48000\n'
02961 11:27:42.162989  >>>  b'echo:  G29 S3 X1 Y4 Z0.44000\n'
03024 11:27:42.163987  >>>  b'echo:  G29 S3 X2 Y4 Z0.56000\n'
03087 11:27:42.164983  >>>  b'echo:  G29 S3 X3 Y4 Z0.59000\n'
03150 11:27:42.165981  >>>  b'echo:  G29 S3 X4 Y4 Z0.59000\n'
03213 11:27:42.166979  >>>  b'echo:  G29 S3 X5 Y4 Z0.56000\n'
03276 11:27:42.166979  >>>  b'echo:  G29 S3 X6 Y4 Z0.51000\n'
03339 11:27:42.167976  >>>  b'echo:  G29 S3 X1 Y5 Z0.42000\n'
03402 11:27:42.169970  >>>  b'echo:  G29 S3 X2 Y5 Z0.56000\n'
03465 11:27:42.169970  >>>  b'echo:  G29 S3 X3 Y5 Z0.61000\n'
03528 11:27:42.170968  >>>  b'echo:  G29 S3 X4 Y5 Z0.62000\n'
03591 11:27:42.170968  >>>  b'echo:  G29 S3 X5 Y5 Z0.60000\n'
03654 11:27:42.171965  >>>  b'echo:  G29 S3 X6 Y5 Z0.57000\n'
03721 11:27:42.173960  >>>  b'echo:Material heatup parameters:\n'
03781 11:27:42.186925  >>>  b'echo:  M145 S0 H20 B20 F0\n'
03841 11:27:42.200888  >>>  b'echo:  M145 S1 H20 B20 F0\n'
03894 11:27:42.202882  >>>  b'echo:PID settings:\n'
03961 11:27:42.203881  >>>  b'echo:  M301 P28.79 I1.91 D108.51\n'
04030 11:27:42.205875  >>>  b'echo:  M304 P162.00 I17.00 D378.00\n'
04085 11:27:42.205875  >>>  b'echo:Linear Advance:\n'
04137 11:27:42.206872  >>>  b'echo:  M900 K0.00\n'
04206 11:27:42.208879  >>>  b'echo:Filament load/unload lengths:\n'
04266 11:27:42.224824  >>>  b'echo:  M603 L40.00 U80.00\n'
04323 11:27:42.236791  No output available at this time
04367 11:27:42.236791  Commutating motors:
04420 11:27:42.236791  sendCommand:  M17 wait=False
04470 11:27:42.237789  Dynamic home = [10, 0, 6]
04516 11:27:42.237789  Grid home = [0, 0, 0]
04580 11:27:42.237789  Current offsets = [-68.15, -5.75, 5.63]
04633 11:27:42.237789  Bound port 5005 for Terminal
04832 11:27:43.001746  Opening lights on Serial<id=0x28698491eb8, open=True>(port='COM4', baudrate=9600, bytesize=8, parity='N', stopbits=1, timeout=None, xonxoff=False, rtscts=False, dsrdtr=False)
