12:04:47.361  Fetching output...
12:04:47.361  >>>  start
12:04:47.362  >>>  echo:Marlin 1.1.9
12:04:47.362  >>>  
12:04:47.364  >>>  echo: Last Updated: Aug 19 201910:00:36 | Author: (James Deneault, AM ARES)
12:04:47.364  >>>  echo:Compiled: Aug 19 2019
12:04:47.366  >>>  echo: Free Memory: 2836  PlannerBufferBytes: 1440
12:04:47.367  >>>  echo:V55 stored settings retrieved (739 bytes; crc 3949)
12:04:47.368  >>>  echo:  G21    ; (mm)
12:04:47.369  >>>  echo:  M149 C ; Units in Celsius
12:04:47.369  >>>  
12:04:47.370  >>>  echo:Filament settings: Disabled
12:04:47.371  >>>  echo:  M200 D3.00
12:04:47.372  >>>  echo:  M200 D0
12:04:47.373  >>>  echo:Steps per unit:
12:04:47.374  >>>  echo:  M92 X100.50 Y100.50 Z1600.00 E1600.00
12:04:47.375  >>>  echo:Maximum feedrates (units/s):
12:04:47.376  >>>  echo:  M203 X300.00 Y300.00 Z5.00 E40.00
12:04:47.377  >>>  echo:Maximum Acceleration (units/s2):
12:04:47.377  >>>  echo:  M201 X9000 Y9000 Z100 E10000
12:04:47.379  >>>  echo:Acceleration (units/s2): P<print_accel> R<retract_accel> T<travel_accel>
12:04:47.394  >>>  echo:  M204 P500.00 R3000.00 T500.00
12:04:47.396  >>>  echo:Advanced: B<min_segment_time_us> S<min_feedrate> T<min_travel_feedrate> X<max_x_jerk> Y<max_y_jerk> Z<max_z_jerk> E<max_e_jerk>
12:04:47.397  >>>  echo:  M205 B20000 S0.00 T0.00 X8.00 Y8.00 Z0.40 E10.00
12:04:47.398  >>>  echo:Mesh Bed Leveling:
12:04:47.398  >>>  echo:  M420 S0
12:04:47.399  >>>  echo:  G29 S3 X1 Y1 Z0.57000
12:04:47.399  >>>  echo:  G29 S3 X2 Y1 Z0.63000
12:04:47.400  >>>  echo:  G29 S3 X3 Y1 Z0.61000
12:04:47.400  >>>  echo:  G29 S3 X4 Y1 Z0.55000
12:04:47.401  >>>  echo:  G29 S3 X5 Y1 Z0.47000
12:04:47.401  >>>  echo:  G29 S3 X6 Y1 Z0.38000
12:04:47.402  >>>  echo:  G29 S3 X1 Y2 Z0.51000
12:04:47.403  >>>  echo:  G29 S3 X2 Y2 Z0.60000
12:04:47.403  >>>  echo:  G29 S3 X3 Y2 Z0.60000
12:04:47.404  >>>  echo:  G29 S3 X4 Y2 Z0.55000
12:04:47.404  >>>  echo:  G29 S3 X5 Y2 Z0.49000
12:04:47.405  >>>  echo:  G29 S3 X6 Y2 Z0.43000
12:04:47.405  >>>  echo:  G29 S3 X1 Y3 Z0.47000
12:04:47.406  >>>  echo:  G29 S3 X2 Y3 Z0.58000
12:04:47.406  >>>  echo:  G29 S3 X3 Y3 Z0.60000
12:04:47.407  >>>  echo:  G29 S3 X4 Y3 Z0.57000
12:04:47.407  >>>  echo:  G29 S3 X5 Y3 Z0.54000
12:04:47.408  >>>  echo:  G29 S3 X6 Y3 Z0.48000
12:04:47.408  >>>  echo:  G29 S3 X1 Y4 Z0.44000
12:04:47.408  >>>  echo:  G29 S3 X2 Y4 Z0.56000
12:04:47.409  >>>  echo:  G29 S3 X3 Y4 Z0.59000
12:04:47.409  >>>  echo:  G29 S3 X4 Y4 Z0.59000
12:04:47.410  >>>  echo:  G29 S3 X5 Y4 Z0.56000
12:04:47.410  >>>  echo:  G29 S3 X6 Y4 Z0.51000
12:04:47.411  >>>  echo:  G29 S3 X1 Y5 Z0.42000
12:04:47.412  >>>  echo:  G29 S3 X2 Y5 Z0.56000
12:04:47.412  >>>  echo:  G29 S3 X3 Y5 Z0.61000
12:04:47.413  >>>  echo:  G29 S3 X4 Y5 Z0.62000
12:04:47.414  >>>  echo:  G29 S3 X5 Y5 Z0.60000
12:04:47.415  >>>  echo:  G29 S3 X6 Y5 Z0.57000
12:04:47.415  >>>  echo:Material heatup parameters:
12:04:47.416  >>>  echo:  M145 S0 H20 B20 F0
12:04:47.417  >>>  echo:  M145 S1 H20 B20 F0
12:04:47.418  >>>  echo:PID settings:
12:04:47.418  >>>  echo:  M301 P28.79 I1.91 D108.51
12:04:47.419  >>>  echo:  M304 P162.00 I17.00 D378.00
12:04:47.419  >>>  echo:Linear Advance:
12:04:47.420  >>>  echo:  M900 K0.00
12:04:47.421  >>>  echo:Filament load/unload lengths:
12:04:47.422  >>>  echo:  M603 L40.00 U80.00
12:04:47.422  Commutating motors:
12:04:47.422  sendCommand:  b'M17\n' wait=False
12:04:47.423  Dynamic home = [10, 30, 10]
12:04:47.423  Grid home = [0, 0, 0]
12:04:47.423  Current offsets = [-67.71, -6.15, 4.47]
12:04:47.423  Bound port 5005 for Terminal
12:04:48.398  Opening lights on Serial<id=0x1bea9eea7b8, open=True>(port='COM4', baudrate=9600, bytesize=8, parity='N', stopbits=1, timeout=None, xonxoff=False, rtscts=False, dsrdtr=False)
12:04:49.458  Lights port opened
12:04:49.458  Accessing process lights...
12:04:49.510  Process lights set to 255
12:04:51.987  Changed jog increment to 0.5
12:04:51.987  Changed translate speed to 1000
12:04:51.988  Changed jog increment to 0.5
12:04:51.989  Changed translate speed to 500
12:04:53.297  Loading bed leveling mesh from EEPROM...
12:04:53.351  sendCommand:  b'M501\n' wait=False
12:04:53.352  Fetching output...
12:04:53.375  >>>  echo:V55 stored settings retrieved (739 bytes; crc 3949)
12:04:53.376  sendCommand:  b'G91\n' wait=False
12:04:53.376  Motion mode = relative
12:04:53.476  Running homing routine
12:04:53.476  sendCommand:  b'G28\n' wait=False
12:04:53.476  sendCommand:  b'M400\n' wait=False
12:04:53.476  Requesting position [0]:
12:04:53.678  sendCommand:  b'M114\n' wait=False
12:04:55.480  >>>  echo:busy: processing

12:04:57.487  >>>  echo:busy: processing

12:04:59.485  >>>  echo:busy: processing

12:05:01.485  >>>  echo:busy: processing

12:05:03.488  >>>  echo:busy: processing

12:05:05.486  >>>  echo:busy: processing

12:05:07.486  >>>  echo:busy: processing

12:05:09.485  >>>  echo:busy: processing

12:05:11.487  >>>  echo:busy: processing

12:05:12.302  >>>  X:-59.00 Y:253.00 Z:10.00 E:0.00 Count X:-5930 Y:25427 Z:16000

12:05:12.355  Current Pos. = [-59.0, 253.0, 10.0, 0.0]
12:05:12.355  Relative mode confirmed
12:05:12.355  Displacement = Z8.5
12:05:12.355  Dest. Pos. = [-59.0, 253.0, 18.5, 0.0]
12:05:12.355  sendCommand:  b'G0 Z8.5 F800\n' wait=True
12:05:12.355  Requesting position [0]:
12:05:12.506  sendCommand:  b'M114\n' wait=False
12:05:14.225  >>>  X:-59.00 Y:253.00 Z:18.50 E:0.00 Count X:-5930 Y:25427 Z:29600

12:05:14.276  Current Pos. = [-59.0, 253.0, 18.5, 0.0]
12:05:14.276  Requesting position [0]:
12:05:14.426  sendCommand:  b'M114\n' wait=False
12:05:14.433  >>>  X:-59.00 Y:253.00 Z:18.50 E:0.00 Count X:-5930 Y:25427 Z:29600

12:05:14.484  Current Pos. = [-59.0, 253.0, 18.5, 0.0]
12:05:14.484  Requesting position [0]:
12:05:14.635  sendCommand:  b'M114\n' wait=False
12:05:14.642  >>>  X:-59.00 Y:253.00 Z:18.50 E:0.00 Count X:-5930 Y:25427 Z:29600

12:05:14.693  Current Pos. = [-59.0, 253.0, 18.5, 0.0]
12:05:14.693  Destination reached
12:05:14.693  sendCommand:  b'G0 F6000\n' wait=False
12:05:14.693  Relative mode confirmed
12:05:14.693  Displacement = X71.5
12:05:14.693  Displacement = Y-191
12:05:14.693  Dest. Pos. = [12.5, 62.0, 18.5, 0.0]
12:05:14.693  sendCommand:  b'G0 X71.5 Y-191\n' wait=True
12:05:14.694  Requesting position [0]:
12:05:14.844  sendCommand:  b'M114\n' wait=False
12:05:16.850  >>>  echo:busy: processing

12:05:17.050  >>>  X:12.50 Y:62.00 Z:18.50 E:0.00 Count X:1256 Y:6231 Z:29600

12:05:17.101  Current Pos. = [12.5, 62.0, 18.5, 0.0]
12:05:17.101  Requesting position [0]:
12:05:17.252  sendCommand:  b'M114\n' wait=False
12:05:17.259  >>>  X:12.50 Y:62.00 Z:18.50 E:0.00 Count X:1256 Y:6231 Z:29600

12:05:17.310  Current Pos. = [12.5, 62.0, 18.5, 0.0]
12:05:17.310  Requesting position [0]:
12:05:17.460  sendCommand:  b'M114\n' wait=False
12:05:17.465  >>>  X:12.50 Y:62.00 Z:18.50 E:0.00 Count X:1256 Y:6231 Z:29600

12:05:17.516  Current Pos. = [12.5, 62.0, 18.5, 0.0]
12:05:17.517  Destination reached
12:05:17.517  Relative mode confirmed
12:05:17.517  Displacement = Z-8.5
12:05:17.517  Dest. Pos. = [12.5, 62.0, 10.0, 0.0]
12:05:17.517  sendCommand:  b'G0 Z-8.5 F600\n' wait=True
12:05:17.517  Requesting position [0]:
12:05:17.668  sendCommand:  b'M114\n' wait=False
12:05:19.384  >>>  X:12.50 Y:62.00 Z:10.00 E:0.00 Count X:1256 Y:6231 Z:16000

12:05:19.435  Current Pos. = [12.5, 62.0, 10.0, 0.0]
12:05:19.435  Requesting position [0]:
12:05:19.586  sendCommand:  b'M114\n' wait=False
12:05:19.594  >>>  X:12.50 Y:62.00 Z:10.00 E:0.00 Count X:1256 Y:6231 Z:16000

12:05:19.644  Current Pos. = [12.5, 62.0, 10.0, 0.0]
12:05:19.644  Requesting position [0]:
12:05:19.795  sendCommand:  b'M114\n' wait=False
12:05:19.802  >>>  X:12.50 Y:62.00 Z:10.00 E:0.00 Count X:1256 Y:6231 Z:16000

12:05:19.853  Current Pos. = [12.5, 62.0, 10.0, 0.0]
12:05:19.853  Destination reached
12:05:19.853  Requesting position [0]:
12:05:20.003  sendCommand:  b'M114\n' wait=False
12:05:20.008  >>>  X:12.50 Y:62.00 Z:10.00 E:0.00 Count X:1256 Y:6231 Z:16000

12:05:20.059  Current Pos. = [12.5, 62.0, 10.0, 0.0]
12:05:20.059  Current coords: [12.5, 62.0, 10.0, 0.0]
12:05:20.110  sendCommand: G92 X10 Y30 Z10
12:05:20.110  Requesting position [0]:
12:05:20.262  sendCommand:  b'M114\n' wait=False
12:05:20.270  >>>  X:10.00 Y:30.00 Z:10.00 E:0.00 Count X:1005 Y:3015 Z:16000

12:05:20.321  Current Pos. = [10.0, 30.0, 10.0, 0.0]
12:05:20.321  Verified new coordinates
12:05:20.321  Dynamic home = [10, 30, 10]
12:05:20.321  Grid home = [0, 0, 0]
12:05:20.321  Current offsets = [-67.71, -6.15, 4.47]
12:05:20.321  sendCommand:  b'G90\n' wait=False
12:05:20.321  Motion mode = absolute
12:05:20.321  Requesting position [0]:
12:05:20.471  sendCommand:  b'M114\n' wait=False
12:05:20.478  >>>  X:10.00 Y:30.00 Z:10.00 E:0.00 Count X:1005 Y:3015 Z:16000

12:05:20.529  Current Pos. = [10.0, 30.0, 10.0, 0.0]
12:05:20.529  Current coords: [10.0, 30.0, 10.0, 0.0]
12:05:20.630  sendCommand:  b'G1 Z5.0 F500\n' wait=False
12:05:20.631  Activating bed leveling mesh...
12:05:20.631  sendCommand:  b'M851 Z-4.2\n' wait=False
12:05:20.632  sendCommand:  b'M420 S1\n' wait=False
12:05:20.632  Fetching output...
12:05:20.639  >>>  ok
12:05:20.639  >>>  echo:Unknown command: "M851 Z-4.2"
12:05:20.639  >>>  ok
12:05:20.640  >>>  echo:Bed Leveling On
12:05:20.642  >>>  X:10.00 Y:30.00 Z:4.43 E:0.00 Count X:1005 Y:3015 Z:16000
12:05:20.643  >>>  ok
12:05:20.643  sendCommand:  b'G29 S0\n' wait=False
12:05:22.643  Fetching output...
12:05:22.643  >>>  State: On
12:05:22.643  >>>  Num X,Y: 6,5
12:05:22.644  >>>  Z offset: 0.00000
12:05:22.644  >>>  Measured points:
12:05:22.645  >>>  0        1        2        3        4        5
12:05:22.647  >>>  0 +0.57000 +0.63000 +0.61000 +0.55000 +0.47000 +0.38000
12:05:22.649  >>>  1 +0.51000 +0.60000 +0.60000 +0.55000 +0.49000 +0.43000
12:05:22.650  >>>  2 +0.47000 +0.58000 +0.60000 +0.57000 +0.54000 +0.48000
12:05:22.651  >>>  3 +0.44000 +0.56000 +0.59000 +0.59000 +0.56000 +0.51000
12:05:22.652  >>>  4 +0.42000 +0.56000 +0.61000 +0.62000 +0.60000 +0.57000
12:05:22.652  >>>  
12:05:22.653  >>>  X:10.00 Y:30.00 Z:4.43 E:0.00 Count X:1005 Y:3015 Z:16000
12:05:22.653  >>>  ok
12:05:28.823  Changed jog increment to 0.5
12:05:28.823  Changed translate speed to 0
12:05:29.935  sendCommand:  b'G1 Z4.95 F0\n' wait=False
12:05:31.150  sendCommand:  b'G1 Z4.9 F0\n' wait=False
12:05:31.781  sendCommand:  b'G1 Z4.85 F0\n' wait=False
12:05:31.974  sendCommand:  b'G1 Z4.8 F0\n' wait=False
12:05:32.117  sendCommand:  b'G1 Z4.75 F0\n' wait=False
12:05:32.268  sendCommand:  b'G1 Z4.7 F0\n' wait=False
12:05:32.413  sendCommand:  b'G1 Z4.65 F0\n' wait=False
12:05:32.542  sendCommand:  b'G1 Z4.6 F0\n' wait=False
12:05:32.699  sendCommand:  b'G1 Z4.55 F0\n' wait=False
12:05:32.878  sendCommand:  b'G1 Z4.5 F0\n' wait=False
12:05:33.054  sendCommand:  b'G1 Z4.45 F0\n' wait=False
12:05:33.232  sendCommand:  b'G1 Z4.4 F0\n' wait=False
12:05:33.422  sendCommand:  b'G1 Z4.35 F0\n' wait=False
12:05:33.596  sendCommand:  b'G1 Z4.3 F0\n' wait=False
12:05:33.806  sendCommand:  b'G1 Z4.25 F0\n' wait=False
12:05:34.093  sendCommand:  b'G1 Z4.2 F0\n' wait=False
12:05:34.511  sendCommand:  b'G1 Z4.15 F0\n' wait=False
12:05:35.188  sendCommand:  b'G1 Z4.1 F0\n' wait=False
12:05:37.175  sendCommand:  b'G1 X10.5 F0\n' wait=False
12:05:37.879  sendCommand:  b'G1 X11.0 F0\n' wait=False
12:05:38.749  sendCommand:  b'G1 X10.5 F0\n' wait=False
12:05:38.929  sendCommand:  b'G1 X10.0 F0\n' wait=False
12:05:42.317  Dynamic Home Definition
12:05:42.317  Requesting position [0]:
12:05:42.468  sendCommand:  b'M114\n' wait=False
12:05:42.474  >>>  X:10.00 Y:30.00 Z:4.10 E:0.00 Count X:1005 Y:3015 Z:7472

12:05:42.526  Current Pos. = [10.0, 30.0, 4.1, 0.0]
12:05:42.526  Current coords: [10.0, 30.0, 4.1, 0.0]
12:05:42.526  Part home = [10.0, 30.0, 4.1]
12:05:43.676  Trying to generate toolpath... 
12:05:43.677  Tip Diameter = 0.54
12:05:43.677  Tip Length = 12
12:05:43.677  Extrude Mult. = 0.75
12:05:43.677  Tip Height = 0.1
12:05:43.677  Prime Amt. = 0.45
12:05:43.677  Retract Amt. = 0.45
12:05:43.677  Requesting position [0]:
12:05:43.828  sendCommand:  b'M114\n' wait=False
12:05:43.835  >>>  X:10.00 Y:30.00 Z:4.10 E:0.00 Count X:1005 Y:3015 Z:7472

12:05:43.886  Current Pos. = [10.0, 30.0, 4.1, 0.0]
12:05:43.887  Current coords: [10.0, 30.0, 4.1, 0.0]
12:05:43.887  Flex Dist. = 0.008819
12:05:43.889  Requesting position [0]:
12:05:44.039  sendCommand:  b'M114\n' wait=False
12:05:44.044  >>>  X:10.00 Y:30.00 Z:4.10 E:0.00 Count X:1005 Y:3015 Z:7472

12:05:44.095  Current Pos. = [10.0, 30.0, 4.1, 0.0]
12:05:44.095  Current coords: [10.0, 30.0, 4.1, 0.0]
12:05:44.103  GCODE to run:
12:05:44.103  ******************************************
12:05:44.103  0.007448027544551828 mL of material required

12:05:44.103  M204 S500
12:05:44.103  G90
12:05:44.103  G0 Z4.208819 F500
12:05:44.103  G0 X10.0 Y42.5 Z4.208819 F5000
12:05:44.103  G1 E0.45 F200
12:05:44.103  G4 P300.0
12:05:44.103  G1 X10.0 Y31.0 Z4.208819 E0.451819 F6000
12:05:44.103  G1 X10.75 Y31.0 Z4.208819 E0.451939 F6000
12:05:44.103  G1 X10.75 Y42.5 Z4.208819 E0.453758 F6000
12:05:44.103  G1 X11.5 Y42.5 Z4.208819 E0.453878 F6000
12:05:44.103  G1 X11.5 Y31.0 Z4.208819 E0.455697 F6000
12:05:44.103  G1 X11.5 Y30.0 Z4.208819 E0.455856 F6000
12:05:44.103  G1 E0.005856 F200
12:05:44.103  G4 P0
12:05:44.103  G0 X10.0 Y42.5 Z4.508819 F5000
12:05:44.103  G1 E0.455856 F200
12:05:44.103  G4 P300.0
12:05:44.103  G1 X10.0 Y31.0 Z4.508819 E0.457675 F6000
12:05:44.103  G1 X10.75 Y31.0 Z4.508819 E0.457795 F6000
12:05:44.103  G1 X10.75 Y42.5 Z4.508819 E0.459614 F6000
12:05:44.103  G1 X11.5 Y42.5 Z4.508819 E0.459734 F6000
12:05:44.103  G1 X11.5 Y31.0 Z4.508819 E0.461553 F6000
12:05:44.103  G1 X11.5 Y30.0 Z4.508819 E0.461712 F6000
12:05:44.103  G1 E0.011712 F200
12:05:44.103  G4 P0
12:05:44.103  G0 X10.0 Y42.5 Z4.808819 F5000
12:05:44.103  G1 E0.461712 F200
12:05:44.104  G4 P300.0
12:05:44.104  G1 X10.0 Y31.0 Z4.808819 E0.463531 F6000
12:05:44.104  G1 X10.75 Y31.0 Z4.808819 E0.463651 F6000
12:05:44.104  G1 X10.75 Y42.5 Z4.808819 E0.46547 F6000
12:05:44.104  G1 X11.5 Y42.5 Z4.808819 E0.46559 F6000
12:05:44.104  G1 X11.5 Y31.0 Z4.808819 E0.467409 F6000
12:05:44.104  G1 X11.5 Y30.0 Z4.808819 E0.467568 F6000
12:05:44.104  G1 E0.017568 F200
12:05:44.104  G4 P0
12:05:44.104  G0 X10.0 Y42.5 Z5.108819 F5000
12:05:44.104  G1 E0.467568 F200
12:05:44.104  G4 P300.0
12:05:44.104  G1 X10.0 Y31.0 Z5.108819 E0.469387 F6000
12:05:44.104  G1 X10.75 Y31.0 Z5.108819 E0.469507 F6000
12:05:44.104  G1 X10.75 Y42.5 Z5.108819 E0.471326 F6000
12:05:44.104  G1 X11.5 Y42.5 Z5.108819 E0.471446 F6000
12:05:44.104  G1 X11.5 Y31.0 Z5.108819 E0.473265 F6000
12:05:44.104  G1 X11.5 Y30.0 Z5.108819 E0.473424 F6000
12:05:44.104  G1 E0.023424 F200
12:05:44.104  G4 P0
12:05:44.104  G0 X10.0 Y42.5 Z5.408819 F5000
12:05:44.104  G1 E0.473424 F200
12:05:44.104  G4 P300.0
12:05:44.104  G1 X10.0 Y31.0 Z5.408819 E0.475243 F6000
12:05:44.104  G1 X10.75 Y31.0 Z5.408819 E0.475363 F6000
12:05:44.104  G1 X10.75 Y42.5 Z5.408819 E0.477182 F6000
12:05:44.104  G1 X11.5 Y42.5 Z5.408819 E0.477302 F6000
12:05:44.104  G1 X11.5 Y31.0 Z5.408819 E0.479121 F6000
12:05:44.104  G1 X11.5 Y30.0 Z5.408819 E0.47928 F6000
12:05:44.104  G1 E0.02928 F200
12:05:44.104  G4 P0
12:05:44.105  G0 X10.0 Y42.5 Z5.708819 F5000
12:05:44.105  G1 E0.47928 F200
12:05:44.105  G4 P300.0
12:05:44.105  G1 X10.0 Y31.0 Z5.708819 E0.481099 F6000
12:05:44.105  G1 X10.75 Y31.0 Z5.708819 E0.481219 F6000
12:05:44.105  G1 X10.75 Y42.5 Z5.708819 E0.483038 F6000
12:05:44.105  G1 X11.5 Y42.5 Z5.708819 E0.483158 F6000
12:05:44.105  G1 X11.5 Y31.0 Z5.708819 E0.484977 F6000
12:05:44.105  G1 X11.5 Y30.0 Z5.708819 E0.485136 F6000
12:05:44.105  G1 E0.035136 F200
12:05:44.105  G4 P0
12:05:44.105  G1 X11.5 Y26.0 Z6.708819 F5000
12:05:44.105  G1 X11.5 Y30.0 Z6.208819 F5000
12:05:44.105  G1 X11.5 Y43.5 Z6.208819 F5000
12:05:44.105  G1 X11.5 Y43.5 Z3.778819 F5000
12:05:44.105  G1 X11.5 Y43.5 Z4.208819 F5000
12:05:44.105  G0 X10.0 Y55.0 Z4.208819 F5000
12:05:44.105  G1 E0.485136 F200
12:05:44.105  G4 P300.0
12:05:44.105  G1 X10.0 Y43.5 Z4.208819 E0.486955 F6000
12:05:44.105  G1 X10.0 Y44.0 Z4.208819 E0.487036 F6000
12:05:44.105  G1 E0.037036 F200
12:05:44.105  G4 P0
12:05:44.105  G1 X10.0 Y44.0 Z6.708819 F5000
12:05:44.105  G1 X10.0 Y38.5 Z6.708819 F5000
12:05:44.105  G1 X10.0 Y42.5 Z6.208819 F5000
12:05:44.105  G1 X10.0 Y30.0 Z6.208819 F5000
12:05:44.105  G1 X10.0 Y30.0 Z4.708819 F5000
12:05:44.106  # TIP CLEANING CODE:
12:05:44.106  <OMITTED>
12:05:44.106  ******************************************
12:05:46.413  Trying to generate toolpath... 
12:05:46.413  Tip Diameter = 0.54
12:05:46.414  Tip Length = 12
12:05:46.414  Extrude Mult. = 0.75
12:05:46.414  Tip Height = 0.1
12:05:46.414  Prime Amt. = 0.45
12:05:46.414  Retract Amt. = 0.45
12:05:46.414  Requesting position [0]:
12:05:46.564  sendCommand:  b'M114\n' wait=False
12:05:46.570  >>>  X:10.00 Y:30.00 Z:4.10 E:0.00 Count X:1005 Y:3015 Z:7472

12:05:46.621  Current Pos. = [10.0, 30.0, 4.1, 0.0]
12:05:46.621  Current coords: [10.0, 30.0, 4.1, 0.0]
12:05:46.621  Flex Dist. = 0.008819
12:05:46.624  Requesting position [0]:
12:05:46.776  sendCommand:  b'M114\n' wait=False
12:05:46.788  >>>  X:10.00 Y:30.00 Z:4.10 E:0.00 Count X:1005 Y:3015 Z:7472

12:05:46.839  Current Pos. = [10.0, 30.0, 4.1, 0.0]
12:05:46.839  Current coords: [10.0, 30.0, 4.1, 0.0]
12:05:46.845  GCODE to run:
12:05:46.846  ******************************************
12:05:46.846  0.007448027544551828 mL of material required

12:05:46.846  M204 S500
12:05:46.846  G90
12:05:46.846  G0 Z4.208819 F500
12:05:46.846  G0 X10.0 Y42.5 Z4.208819 F5000
12:05:46.846  G1 E0.45 F200
12:05:46.846  G4 P300.0
12:05:46.846  G1 X10.0 Y31.0 Z4.208819 E0.451819 F6000
12:05:46.846  G1 X10.75 Y31.0 Z4.208819 E0.451939 F6000
12:05:46.846  G1 X10.75 Y42.5 Z4.208819 E0.453758 F6000
12:05:46.846  G1 X11.5 Y42.5 Z4.208819 E0.453878 F6000
12:05:46.846  G1 X11.5 Y31.0 Z4.208819 E0.455697 F6000
12:05:46.846  G1 X11.5 Y30.0 Z4.208819 E0.455856 F6000
12:05:46.846  G1 E0.005856 F200
12:05:46.846  G4 P0
12:05:46.846  G0 X10.0 Y42.5 Z4.508819 F5000
12:05:46.846  G1 E0.455856 F200
12:05:46.846  G4 P300.0
12:05:46.846  G1 X10.0 Y31.0 Z4.508819 E0.457675 F6000
12:05:46.846  G1 X10.75 Y31.0 Z4.508819 E0.457795 F6000
12:05:46.846  G1 X10.75 Y42.5 Z4.508819 E0.459614 F6000
12:05:46.846  G1 X11.5 Y42.5 Z4.508819 E0.459734 F6000
12:05:46.846  G1 X11.5 Y31.0 Z4.508819 E0.461553 F6000
12:05:46.846  G1 X11.5 Y30.0 Z4.508819 E0.461712 F6000
12:05:46.847  G1 E0.011712 F200
12:05:46.847  G4 P0
12:05:46.847  G0 X10.0 Y42.5 Z4.808819 F5000
12:05:46.847  G1 E0.461712 F200
12:05:46.847  G4 P300.0
12:05:46.847  G1 X10.0 Y31.0 Z4.808819 E0.463531 F6000
12:05:46.848  G1 X10.75 Y31.0 Z4.808819 E0.463651 F6000
12:05:46.848  G1 X10.75 Y42.5 Z4.808819 E0.46547 F6000
12:05:46.848  G1 X11.5 Y42.5 Z4.808819 E0.46559 F6000
12:05:46.848  G1 X11.5 Y31.0 Z4.808819 E0.467409 F6000
12:05:46.848  G1 X11.5 Y30.0 Z4.808819 E0.467568 F6000
12:05:46.848  G1 E0.017568 F200
12:05:46.848  G4 P0
12:05:46.848  G0 X10.0 Y42.5 Z5.108819 F5000
12:05:46.848  G1 E0.467568 F200
12:05:46.849  G4 P300.0
12:05:46.849  G1 X10.0 Y31.0 Z5.108819 E0.469387 F6000
12:05:46.849  G1 X10.75 Y31.0 Z5.108819 E0.469507 F6000
12:05:46.849  G1 X10.75 Y42.5 Z5.108819 E0.471326 F6000
12:05:46.849  G1 X11.5 Y42.5 Z5.108819 E0.471446 F6000
12:05:46.849  G1 X11.5 Y31.0 Z5.108819 E0.473265 F6000
12:05:46.849  G1 X11.5 Y30.0 Z5.108819 E0.473424 F6000
12:05:46.849  G1 E0.023424 F200
12:05:46.849  G4 P0
12:05:46.849  G0 X10.0 Y42.5 Z5.408819 F5000
12:05:46.849  G1 E0.473424 F200
12:05:46.849  G4 P300.0
12:05:46.849  G1 X10.0 Y31.0 Z5.408819 E0.475243 F6000
12:05:46.849  G1 X10.75 Y31.0 Z5.408819 E0.475363 F6000
12:05:46.849  G1 X10.75 Y42.5 Z5.408819 E0.477182 F6000
12:05:46.849  G1 X11.5 Y42.5 Z5.408819 E0.477302 F6000
12:05:46.849  G1 X11.5 Y31.0 Z5.408819 E0.479121 F6000
12:05:46.849  G1 X11.5 Y30.0 Z5.408819 E0.47928 F6000
12:05:46.849  G1 E0.02928 F200
12:05:46.849  G4 P0
12:05:46.849  G0 X10.0 Y42.5 Z5.708819 F5000
12:05:46.849  G1 E0.47928 F200
12:05:46.849  G4 P300.0
12:05:46.849  G1 X10.0 Y31.0 Z5.708819 E0.481099 F6000
12:05:46.849  G1 X10.75 Y31.0 Z5.708819 E0.481219 F6000
12:05:46.849  G1 X10.75 Y42.5 Z5.708819 E0.483038 F6000
12:05:46.849  G1 X11.5 Y42.5 Z5.708819 E0.483158 F6000
12:05:46.849  G1 X11.5 Y31.0 Z5.708819 E0.484977 F6000
12:05:46.849  G1 X11.5 Y30.0 Z5.708819 E0.485136 F6000
12:05:46.849  G1 E0.035136 F200
12:05:46.849  G4 P0
12:05:46.849  G1 X11.5 Y26.0 Z6.708819 F5000
12:05:46.849  G1 X11.5 Y30.0 Z6.208819 F5000
12:05:46.849  G1 X11.5 Y43.5 Z6.208819 F5000
12:05:46.849  G1 X11.5 Y43.5 Z3.778819 F5000
12:05:46.849  G1 X11.5 Y43.5 Z4.208819 F5000
12:05:46.849  G0 X10.0 Y55.0 Z4.208819 F5000
12:05:46.849  G1 E0.485136 F200
12:05:46.849  G4 P300.0
12:05:46.849  G1 X10.0 Y43.5 Z4.208819 E0.486955 F6000
12:05:46.849  G1 X10.0 Y44.0 Z4.208819 E0.487036 F6000
12:05:46.849  G1 E0.037036 F200
12:05:46.849  G4 P0
12:05:46.849  G1 X10.0 Y44.0 Z6.708819 F5000
12:05:46.849  G1 X10.0 Y38.5 Z6.708819 F5000
12:05:46.850  G1 X10.0 Y42.5 Z6.208819 F5000
12:05:46.850  G1 X10.0 Y30.0 Z6.208819 F5000
12:05:46.850  G1 X10.0 Y30.0 Z4.708819 F5000
12:05:46.850  # TIP CLEANING CODE:
12:05:46.850  <OMITTED>
12:05:46.850  ******************************************
12:05:46.851102    Retrieving: tpGen: maxcoords: 1.5
12:05:46.856089    Retrieving: tpGen: maxcoords: 25
12:05:46.856089    Retrieving: tpGen: maxcoords: 2.5
12:05:46.858084    Retrieving: coords: lim_west: 10
12:05:46.858084    Retrieving: coords: lim_east: 202
12:05:46.859081    Retrieving: coords: lim_south: 30
12:05:46.859081    Retrieving: coords: lim_north: 170
12:06:19.601446  Planner set: GradientDescent
12:06:19.601446  Target set: 0
12:06:19.603477  PlannedParams set: VAL_PRIME_DELAY
12:06:44.079  sendCommand:  b'G1 Z4.15 F0\n' wait=False
12:06:44.086  moveTo 10,30,4.1, speed = 5000
12:06:44.087  Align coords = ['10.0', '30.0', '4.1']
12:06:44.087  Tip coords = ['10.0', '30.0', '4.1', '0.0']
12:06:44.087  checkMove = PASS
12:06:44.087  sendCommand:  b'G0 X10.0 Y30.0 F5000\n' wait=False
12:06:44.088  Dest. Pos. = [10.0, 30.0, 4.1, 0.0]
12:06:44.089  sendCommand:  b'G0 Z4.1 F500\n' wait=True
12:06:44.089  Requesting position [0]:
12:06:44.240  sendCommand:  b'M114\n' wait=False
12:06:44.269  >>>  X:10.00 Y:30.00 Z:4.10 E:0.00 Count X:1005 Y:3015 Z:7472

12:06:44.321  Current Pos. = [10.0, 30.0, 4.1, 0.0]
12:06:44.323  Requesting position [0]:
12:06:44.473  sendCommand:  b'M114\n' wait=False
12:06:44.479  >>>  X:10.00 Y:30.00 Z:4.10 E:0.00 Count X:1005 Y:3015 Z:7472

12:06:44.530  Current Pos. = [10.0, 30.0, 4.1, 0.0]
12:06:44.530  Requesting position [0]:
12:06:44.681  sendCommand:  b'M114\n' wait=False
12:06:44.687  >>>  X:10.00 Y:30.00 Z:4.10 E:0.00 Count X:1005 Y:3015 Z:7472

12:06:44.738  Current Pos. = [10.0, 30.0, 4.1, 0.0]
12:06:44.738  Destination reached
12:06:51.788313  multiplier set: 1.0
12:06:52.293960  work_dist set: 0.4
12:06:52.807585  prime set: 0.6
12:06:55.321883  prime_delay set: 0.01
12:06:57.850089  prime_rate set: 150.0
12:07:00.368349  retract set: 0.6
12:07:03.397242  retract_rate set: 30.0
12:07:03.898899  speed set: 3.0
12:07:05.411849  NAME MISSING set: 0.0
12:07:06.927793  NAME MISSING set: 0.0
12:07:08.445730  NAME MISSING set: 0.0
12:07:08.959355  NAME MISSING set: 0.0
12:07:11.480606  NAME MISSING set: 0.0
12:07:13.996872  NAME MISSING set: 0.0
12:07:17.025  Dynamic Home Definition
12:07:17.025  Requesting position [0]:
12:07:17.176  sendCommand:  b'M114\n' wait=False
12:07:17.182  >>>  X:10.00 Y:30.00 Z:4.10 E:0.00 Count X:1005 Y:3015 Z:7472

12:07:17.233  Current Pos. = [10.0, 30.0, 4.1, 0.0]
12:07:17.233  Current coords: [10.0, 30.0, 4.1, 0.0]
12:07:17.233  Part home = [10.0, 30.0, 4.1]
12:07:17.748  Trying to generate toolpath... 
12:07:17.748  Tip Diameter = 0.54
12:07:17.748  Tip Length = 12
12:07:17.748  Extrude Mult. = 1.0
12:07:17.748  Tip Height = 0.4
12:07:17.748  Prime Amt. = 0.6
12:07:17.748  Retract Amt. = 0.6
12:07:17.749  Requesting position [0]:
12:07:17.900  sendCommand:  b'M114\n' wait=False
12:07:17.906  >>>  X:10.00 Y:30.00 Z:4.10 E:0.00 Count X:1005 Y:3015 Z:7472

12:07:17.957  Current Pos. = [10.0, 30.0, 4.1, 0.0]
12:07:17.957  Current coords: [10.0, 30.0, 4.1, 0.0]
12:07:17.957  Flex Dist. = 0.011759
12:07:17.960  Requesting position [0]:
12:07:18.110  sendCommand:  b'M114\n' wait=False
12:07:18.115  >>>  X:10.00 Y:30.00 Z:4.10 E:0.00 Count X:1005 Y:3015 Z:7472

12:07:18.166  Current Pos. = [10.0, 30.0, 4.1, 0.0]
12:07:18.166  Current coords: [10.0, 30.0, 4.1, 0.0]
12:07:18.170  GCODE to run:
12:07:18.170  ******************************************
12:07:18.170  0.04004385183512748 mL of material required

12:07:18.170  M204 S500
12:07:18.170  G90
12:07:18.170  G0 Z4.511759 F500
12:07:18.170  G0 X10.0 Y42.5 Z4.511759 F5000
12:07:18.170  G1 E0.6 F150.0
12:07:18.170  G4 P10.0
12:07:18.170  G1 X10.0 Y31.0 Z4.511759 E0.609709 F180.0
12:07:18.170  G1 X10.75 Y31.0 Z4.511759 E0.610431 F180.0
12:07:18.170  G1 X10.75 Y42.5 Z4.511759 E0.62014 F180.0
12:07:18.170  G1 X11.5 Y42.5 Z4.511759 E0.620862 F180.0
12:07:18.170  G1 X11.5 Y31.0 Z4.511759 E0.630571 F180.0
12:07:18.170  G1 X11.5 Y30.0 Z4.511759 E0.631483 F180
12:07:18.170  G1 E0.031483 F30.0
12:07:18.170  G4 P0
12:07:18.170  G0 X10.0 Y42.5 Z4.811759 F5000
12:07:18.170  G1 E0.631483 F150.0
12:07:18.170  G4 P10.0
12:07:18.170  G1 X10.0 Y31.0 Z4.811759 E0.641192 F180.0
12:07:18.170  G1 X10.75 Y31.0 Z4.811759 E0.641914 F180.0
12:07:18.170  G1 X10.75 Y42.5 Z4.811759 E0.651623 F180.0
12:07:18.170  G1 X11.5 Y42.5 Z4.811759 E0.652345 F180.0
12:07:18.170  G1 X11.5 Y31.0 Z4.811759 E0.662054 F180.0
12:07:18.170  G1 X11.5 Y30.0 Z4.811759 E0.662966 F180
12:07:18.170  G1 E0.062966 F30.0
12:07:18.170  G4 P0
12:07:18.170  G0 X10.0 Y42.5 Z5.111759 F5000
12:07:18.170  G1 E0.662966 F150.0
12:07:18.170  G4 P10.0
12:07:18.170  G1 X10.0 Y31.0 Z5.111759 E0.672675 F180.0
12:07:18.170  G1 X10.75 Y31.0 Z5.111759 E0.673397 F180.0
12:07:18.170  G1 X10.75 Y42.5 Z5.111759 E0.683106 F180.0
12:07:18.170  G1 X11.5 Y42.5 Z5.111759 E0.683828 F180.0
12:07:18.170  G1 X11.5 Y31.0 Z5.111759 E0.693537 F180.0
12:07:18.171  G1 X11.5 Y30.0 Z5.111759 E0.694449 F180
12:07:18.171  G1 E0.094449 F30.0
12:07:18.171  G4 P0
12:07:18.171  G0 X10.0 Y42.5 Z5.411759 F5000
12:07:18.171  G1 E0.694449 F150.0
12:07:18.171  G4 P10.0
12:07:18.171  G1 X10.0 Y31.0 Z5.411759 E0.704158 F180.0
12:07:18.171  G1 X10.75 Y31.0 Z5.411759 E0.70488 F180.0
12:07:18.171  G1 X10.75 Y42.5 Z5.411759 E0.714589 F180.0
12:07:18.171  G1 X11.5 Y42.5 Z5.411759 E0.715311 F180.0
12:07:18.171  G1 X11.5 Y31.0 Z5.411759 E0.72502 F180.0
12:07:18.171  G1 X11.5 Y30.0 Z5.411759 E0.725932 F180
12:07:18.171  G1 E0.125932 F30.0
12:07:18.171  G4 P0
12:07:18.171  G0 X10.0 Y42.5 Z5.711759 F5000
12:07:18.171  G1 E0.725932 F150.0
12:07:18.171  G4 P10.0
12:07:18.171  G1 X10.0 Y31.0 Z5.711759 E0.735641 F180.0
12:07:18.171  G1 X10.75 Y31.0 Z5.711759 E0.736363 F180.0
12:07:18.171  G1 X10.75 Y42.5 Z5.711759 E0.746072 F180.0
12:07:18.171  G1 X11.5 Y42.5 Z5.711759 E0.746794 F180.0
12:07:18.171  G1 X11.5 Y31.0 Z5.711759 E0.756503 F180.0
12:07:18.171  G1 X11.5 Y30.0 Z5.711759 E0.757415 F180
12:07:18.171  G1 E0.157415 F30.0
12:07:18.171  G4 P0
12:07:18.171  G0 X10.0 Y42.5 Z6.011759 F5000
12:07:18.171  G1 E0.757415 F150.0
12:07:18.171  G4 P10.0
12:07:18.171  G1 X10.0 Y31.0 Z6.011759 E0.767124 F180.0
12:07:18.171  G1 X10.75 Y31.0 Z6.011759 E0.767846 F180.0
12:07:18.171  G1 X10.75 Y42.5 Z6.011759 E0.777555 F180.0
12:07:18.171  G1 X11.5 Y42.5 Z6.011759 E0.778277 F180.0
12:07:18.171  G1 X11.5 Y31.0 Z6.011759 E0.787986 F180.0
12:07:18.171  G1 X11.5 Y30.0 Z6.011759 E0.788898 F180
12:07:18.171  G1 E0.188898 F30.0
12:07:18.171  G4 P0
12:07:18.171  G1 X11.5 Y26.0 Z7.011759 F5000
12:07:18.171  G1 X11.5 Y30.0 Z6.511759 F5000
12:07:18.171  G1 X11.5 Y43.5 Z6.511759 F5000
12:07:18.171  G1 X11.5 Y43.5 Z4.081759 F5000
12:07:18.171  G1 X11.5 Y43.5 Z4.511759 F5000
12:07:18.171  G0 X10.0 Y55.0 Z4.511759 F5000
12:07:18.171  G1 E0.788898 F150.0
12:07:18.171  G4 P10.0
12:07:18.171  G1 X10.0 Y43.5 Z4.511759 E0.798607 F180.0
12:07:18.171  G1 X10.0 Y44.0 Z4.511759 E0.799154 F180
12:07:18.171  G1 E0.199154 F30.0
12:07:18.171  G4 P0
12:07:18.171  G1 X10.0 Y44.0 Z7.011759 F5000
12:07:18.171  G1 X10.0 Y38.5 Z7.011759 F5000
12:07:18.171  G1 X10.0 Y42.5 Z6.511759 F5000
12:07:18.171  G1 X10.0 Y30.0 Z6.511759 F5000
12:07:18.171  G1 X10.0 Y30.0 Z5.011759 F5000
12:07:18.172  # TIP CLEANING CODE:
12:07:18.172  <OMITTED>
12:07:18.172  ******************************************
12:07:18.688  Toolpath extents: [1.5, 25, 2.5]
12:07:18.688  Running toolpath:
12:07:18.688  sendCommand:  b'M204 S500\n' wait=False
12:07:18.692  sendCommand:  b'G90\n' wait=False
12:07:18.696  sendCommand:  b'G0 Z4.511759 F500\n' wait=False
12:07:18.700  sendCommand:  b'G0 X10.0 Y42.5 Z4.511759 F5000\n' wait=False
12:07:18.712  sendCommand:  b'G1 E0.6 F150.0\n' wait=False
12:07:18.721  sendCommand:  b'G4 P10.0\n' wait=False
12:07:19.372  sendCommand:  b'G1 X10.0 Y31.0 Z4.511759 E0.609709 F180.0\n' wait=False
12:07:19.380  sendCommand:  b'G1 X10.75 Y31.0 Z4.511759 E0.610431 F180.0\n' wait=False
12:07:19.388  sendCommand:  b'G1 X10.75 Y42.5 Z4.511759 E0.62014 F180.0\n' wait=False
12:07:19.396  sendCommand:  b'G1 X11.5 Y42.5 Z4.511759 E0.620862 F180.0\n' wait=False
12:07:19.405  sendCommand:  b'G1 X11.5 Y31.0 Z4.511759 E0.630571 F180.0\n' wait=False
12:07:19.413  sendCommand:  b'G1 X11.5 Y30.0 Z4.511759 E0.631483 F180\n' wait=False
12:07:19.421  sendCommand:  b'G1 E0.031483 F30.0\n' wait=False
12:07:19.429  sendCommand:  b'G4 P0\n' wait=False
12:07:32.906  sendCommand:  b'G0 X10.0 Y42.5 Z4.811759 F5000\n' wait=False
12:07:32.914  sendCommand:  b'G1 E0.631483 F150.0\n' wait=False
12:07:32.922  sendCommand:  b'G4 P10.0\n' wait=False
12:07:33.483  sendCommand:  b'G1 X10.0 Y31.0 Z4.811759 E0.641192 F180.0\n' wait=False
12:07:33.491  sendCommand:  b'G1 X10.75 Y31.0 Z4.811759 E0.641914 F180.0\n' wait=False
12:07:33.499  sendCommand:  b'G1 X10.75 Y42.5 Z4.811759 E0.651623 F180.0\n' wait=False
12:07:33.507  sendCommand:  b'G1 X11.5 Y42.5 Z4.811759 E0.652345 F180.0\n' wait=False
12:07:33.515  sendCommand:  b'G1 X11.5 Y31.0 Z4.811759 E0.662054 F180.0\n' wait=False
12:07:33.524  sendCommand:  b'G1 X11.5 Y30.0 Z4.811759 E0.662966 F180\n' wait=False
12:07:33.532  sendCommand:  b'G1 E0.062966 F30.0\n' wait=False
12:07:33.536  sendCommand:  b'G4 P0\n' wait=False
12:07:47.016  sendCommand:  b'G0 X10.0 Y42.5 Z5.111759 F5000\n' wait=False
12:07:47.024  sendCommand:  b'G1 E0.662966 F150.0\n' wait=False
12:07:47.032  sendCommand:  b'G4 P10.0\n' wait=False
12:07:47.594  sendCommand:  b'G1 X10.0 Y31.0 Z5.111759 E0.672675 F180.0\n' wait=False
12:07:47.602  sendCommand:  b'G1 X10.75 Y31.0 Z5.111759 E0.673397 F180.0\n' wait=False
12:07:47.611  sendCommand:  b'G1 X10.75 Y42.5 Z5.111759 E0.683106 F180.0\n' wait=False
12:07:47.619  sendCommand:  b'G1 X11.5 Y42.5 Z5.111759 E0.683828 F180.0\n' wait=False
12:07:47.627  sendCommand:  b'G1 X11.5 Y31.0 Z5.111759 E0.693537 F180.0\n' wait=False
12:07:47.635  sendCommand:  b'G1 X11.5 Y30.0 Z5.111759 E0.694449 F180\n' wait=False
12:07:47.643  sendCommand:  b'G1 E0.094449 F30.0\n' wait=False
12:07:47.652  sendCommand:  b'G4 P0\n' wait=False
12:08:01.128  sendCommand:  b'G0 X10.0 Y42.5 Z5.411759 F5000\n' wait=False
12:08:01.139  sendCommand:  b'G1 E0.694449 F150.0\n' wait=False
12:08:01.147  sendCommand:  b'G4 P10.0\n' wait=False
12:08:01.709  sendCommand:  b'G1 X10.0 Y31.0 Z5.411759 E0.704158 F180.0\n' wait=False
12:08:01.717  sendCommand:  b'G1 X10.75 Y31.0 Z5.411759 E0.70488 F180.0\n' wait=False
12:08:01.726  sendCommand:  b'G1 X10.75 Y42.5 Z5.411759 E0.714589 F180.0\n' wait=False
12:08:01.734  sendCommand:  b'G1 X11.5 Y42.5 Z5.411759 E0.715311 F180.0\n' wait=False
12:08:01.742  sendCommand:  b'G1 X11.5 Y31.0 Z5.411759 E0.72502 F180.0\n' wait=False
12:08:01.750  sendCommand:  b'G1 X11.5 Y30.0 Z5.411759 E0.725932 F180\n' wait=False
12:08:01.758  sendCommand:  b'G1 E0.125932 F30.0\n' wait=False
12:08:01.767  sendCommand:  b'G4 P0\n' wait=False
12:08:15.243  sendCommand:  b'G0 X10.0 Y42.5 Z5.711759 F5000\n' wait=False
12:08:15.251  sendCommand:  b'G1 E0.725932 F150.0\n' wait=False
12:08:15.260  sendCommand:  b'G4 P10.0\n' wait=False
12:08:15.820  sendCommand:  b'G1 X10.0 Y31.0 Z5.711759 E0.735641 F180.0\n' wait=False
12:08:15.828  sendCommand:  b'G1 X10.75 Y31.0 Z5.711759 E0.736363 F180.0\n' wait=False
12:08:15.837  sendCommand:  b'G1 X10.75 Y42.5 Z5.711759 E0.746072 F180.0\n' wait=False
12:08:15.845  sendCommand:  b'G1 X11.5 Y42.5 Z5.711759 E0.746794 F180.0\n' wait=False
12:08:15.853  sendCommand:  b'G1 X11.5 Y31.0 Z5.711759 E0.756503 F180.0\n' wait=False
12:08:15.865  sendCommand:  b'G1 X11.5 Y30.0 Z5.711759 E0.757415 F180\n' wait=False
12:08:15.873  sendCommand:  b'G1 E0.157415 F30.0\n' wait=False
12:08:15.882  sendCommand:  b'G4 P0\n' wait=False
12:08:29.354  sendCommand:  b'G0 X10.0 Y42.5 Z6.011759 F5000\n' wait=False
12:08:29.366  sendCommand:  b'G1 E0.757415 F150.0\n' wait=False
12:08:29.374  sendCommand:  b'G4 P10.0\n' wait=False
12:08:29.935  sendCommand:  b'G1 X10.0 Y31.0 Z6.011759 E0.767124 F180.0\n' wait=False
12:08:29.943  sendCommand:  b'G1 X10.75 Y31.0 Z6.011759 E0.767846 F180.0\n' wait=False
12:08:29.952  sendCommand:  b'G1 X10.75 Y42.5 Z6.011759 E0.777555 F180.0\n' wait=False
12:08:29.960  sendCommand:  b'G1 X11.5 Y42.5 Z6.011759 E0.778277 F180.0\n' wait=False
12:08:29.968  sendCommand:  b'G1 X11.5 Y31.0 Z6.011759 E0.787986 F180.0\n' wait=False
12:08:29.976  sendCommand:  b'G1 X11.5 Y30.0 Z6.011759 E0.788898 F180\n' wait=False
12:08:29.984  sendCommand:  b'G1 E0.188898 F30.0\n' wait=False
12:08:29.989  sendCommand:  b'G4 P0\n' wait=False
12:08:43.469  sendCommand:  b'G1 X11.5 Y26.0 Z7.011759 F5000\n' wait=False
12:08:43.477  sendCommand:  b'G1 X11.5 Y30.0 Z6.511759 F5000\n' wait=False
12:08:43.485  sendCommand:  b'G1 X11.5 Y43.5 Z6.511759 F5000\n' wait=False
12:08:43.494  sendCommand:  b'G1 X11.5 Y43.5 Z4.081759 F5000\n' wait=False
12:08:43.506  sendCommand:  b'G1 X11.5 Y43.5 Z4.511759 F5000\n' wait=False
12:08:43.514  sendCommand:  b'G0 X10.0 Y55.0 Z4.511759 F5000\n' wait=False
12:08:43.526  sendCommand:  b'G1 E0.788898 F150.0\n' wait=False
12:08:43.535  sendCommand:  b'G4 P10.0\n' wait=False
12:08:45.394  sendCommand:  b'G1 X10.0 Y43.5 Z4.511759 E0.798607 F180.0\n' wait=False
12:08:45.407  sendCommand:  b'G1 X10.0 Y44.0 Z4.511759 E0.799154 F180\n' wait=False
12:08:45.415  sendCommand:  b'G1 E0.199154 F30.0\n' wait=False
12:08:45.419  sendCommand:  b'G4 P0\n' wait=False
12:08:50.621  sendCommand:  b'G1 X10.0 Y44.0 Z7.011759 F5000\n' wait=False
12:08:50.629  sendCommand:  b'G1 X10.0 Y38.5 Z7.011759 F5000\n' wait=False
12:08:50.637  sendCommand:  b'G1 X10.0 Y42.5 Z6.511759 F5000\n' wait=False
12:08:50.645  sendCommand:  b'G1 X10.0 Y30.0 Z6.511759 F5000\n' wait=False
12:08:50.654  sendCommand:  b'G1 X10.0 Y30.0 Z5.011759 F5000\n' wait=False
12:08:50.662  <TIP CLEANING CODE OMITTED>
12:09:04.843  Volume used = 0.040044 mL
12:09:04.843  Requesting position [0]:
12:09:04.994  sendCommand:  b'M114\n' wait=False
12:09:06.547  >>>  X:10.00 Y:30.00 Z:5.10 E:0.20 Count X:1005 Y:3015 Z:9072

12:09:06.598  Current Pos. = [10.0, 30.0, 5.1, 0.2]
12:09:06.598  Current coords: [10.0, 30.0, 5.1, 0.2]
12:09:09.614  Accessing alignment lights...
12:09:09.665  Alignment lights set to 120
12:09:09.666  Switching to alignment camera
12:09:09.666  sendCommand:  b'G91\n' wait=False
12:09:09.666  Motion mode = relative
12:09:09.666  sendCommand:  b'G0 Z4.47 F500\n' wait=False
12:09:09.666  sendCommand:  b'G0 X-67.71 Y-6.15 F3000\n' wait=False
12:09:09.667  sendCommand:  b'G90\n' wait=False
12:09:09.668  Motion mode = absolute
12:09:15.700  moveTo 10,54.5,4.1, speed = 5000
12:09:15.700  Align coords = ['10.0', '54.5', '4.1']
12:09:15.700  Tip coords = ['-57.71', '48.35', '8.57', '0.2']
12:09:15.700  checkMove = PASS
12:09:15.700  sendCommand:  b'G0 X-57.71 Y48.35 F5000\n' wait=False
12:09:15.700  Dest. Pos. = [-57.71, 48.35, 8.57, 0.2]
12:09:15.700  sendCommand:  b'G0 Z8.57 F500\n' wait=True
12:09:15.701  Requesting position [0]:
12:09:15.852  sendCommand:  b'M114\n' wait=False
12:09:16.415  >>>  X:-57.71 Y:48.35 Z:8.57 E:0.20 Count X:-5800 Y:4859 Z:14358

12:09:16.466  Current Pos. = [-57.71, 48.35, 8.57, 0.2]
12:09:16.466  Requesting position [0]:
12:09:16.616  sendCommand:  b'M114\n' wait=False
12:09:16.623  >>>  X:-57.71 Y:48.35 Z:8.57 E:0.20 Count X:-5800 Y:4859 Z:14358

12:09:16.674  Current Pos. = [-57.71, 48.35, 8.57, 0.2]
12:09:16.674  Requesting position [0]:
12:09:16.826  sendCommand:  b'M114\n' wait=False
12:09:16.833  >>>  X:-57.71 Y:48.35 Z:8.57 E:0.20 Count X:-5800 Y:4859 Z:14358

12:09:16.885  Current Pos. = [-57.71, 48.35, 8.57, 0.2]
12:09:16.885  Destination reached
12:09:21.862942  Expt# set: 1.0
12:09:28.956  Anal. complete. (7.05s)
12:09:28.961  Result = 0.856535
12:09:28.961  Recording data for expt #1.0...
12:09:28.962  Planned Params = ['VAL_PRIME_DELAY']
12:09:28.962  vector_params = ['Result Value']
12:09:28.962  newVector = [0]
12:09:28.962  Requesting temperatures:
12:09:28.962  Fetching output...
12:09:29.013  sendCommand:  b'M105\n' wait=False
12:09:29.115  Fetching output...
12:09:29.166  Bed = 24.22, Acc = 25.00 (203.456ms)
12:09:29.167  config.data['PlannedParams'] = VAL_PRIME_DELAY
12:09:29.168  Planned Params = ['VAL_PRIME_DELAY']
12:09:29.168  Data recorded (0.206 s)
12:09:34.270  Accessing process lights...
12:09:34.322  Process lights set to 255
12:09:34.322  Switching to tip camera
12:09:34.322  sendCommand:  b'G91\n' wait=False
12:09:34.322  Motion mode = relative
12:09:34.322  sendCommand:  b'G0 X67.71 Y6.15 F3000\n' wait=False
12:09:34.322  sendCommand:  b'G0 Z-4.47 F500\n' wait=False
12:09:34.323  sendCommand:  b'G90\n' wait=False
12:09:34.325  Motion mode = absolute
12:09:40.836  sendCommand:  b'G1 Z4.15 F0\n' wait=False
12:09:40.837  moveTo 12.5,30,4.1, speed = 5000
12:09:40.837  Align coords = ['12.5', '30.0', '4.1']
12:09:40.837  Tip coords = ['12.5', '30.0', '4.1', '0.2']
12:09:40.837  checkMove = PASS
12:09:40.837  sendCommand:  b'G0 X12.5 Y30.0 F5000\n' wait=False
12:09:40.837  Dest. Pos. = [12.5, 30.0, 4.1, 0.2]
12:09:40.837  sendCommand:  b'G0 Z4.1 F500\n' wait=True
12:09:40.838  Requesting position [0]:
12:09:40.990  sendCommand:  b'M114\n' wait=False
12:09:41.393  >>>  X:12.50 Y:30.00 Z:4.10 E:0.20 Count X:1256 Y:3015 Z:7478

12:09:41.443  Current Pos. = [12.5, 30.0, 4.1, 0.2]
12:09:41.443  Requesting position [0]:
12:09:41.594  sendCommand:  b'M114\n' wait=False
12:09:41.600  >>>  X:12.50 Y:30.00 Z:4.10 E:0.20 Count X:1256 Y:3015 Z:7478

12:09:41.651  Current Pos. = [12.5, 30.0, 4.1, 0.2]
12:09:41.651  Requesting position [0]:
12:09:41.802  sendCommand:  b'M114\n' wait=False
12:09:41.808  >>>  X:12.50 Y:30.00 Z:4.10 E:0.20 Count X:1256 Y:3015 Z:7478

12:09:41.858  Current Pos. = [12.5, 30.0, 4.1, 0.2]
12:09:41.858  Destination reached
12:09:49.459289  prime_delay set: 0.1
12:10:05.088  Dynamic Home Definition
12:10:05.088  Requesting position [0]:
12:10:05.239  sendCommand:  b'M114\n' wait=False
12:10:05.245  >>>  X:12.50 Y:30.00 Z:4.10 E:0.20 Count X:1256 Y:3015 Z:7478

12:10:05.295  Current Pos. = [12.5, 30.0, 4.1, 0.2]
12:10:05.295  Current coords: [12.5, 30.0, 4.1, 0.2]
12:10:05.295  Part home = [12.5, 30.0, 4.1]
12:10:05.810  Trying to generate toolpath... 
12:10:05.810  Tip Diameter = 0.54
12:10:05.810  Tip Length = 12
12:10:05.810  Extrude Mult. = 1.0
12:10:05.810  Tip Height = 0.4
12:10:05.810  Prime Amt. = 0.6
12:10:05.810  Retract Amt. = 0.6
12:10:05.811  Requesting position [0]:
12:10:05.962  sendCommand:  b'M114\n' wait=False
12:10:05.967  >>>  X:12.50 Y:30.00 Z:4.10 E:0.20 Count X:1256 Y:3015 Z:7478

12:10:06.017  Current Pos. = [12.5, 30.0, 4.1, 0.2]
12:10:06.017  Current coords: [12.5, 30.0, 4.1, 0.2]
12:10:06.017  Flex Dist. = 0.011759
12:10:06.019  Requesting position [0]:
12:10:06.170  sendCommand:  b'M114\n' wait=False
12:10:06.175  >>>  X:12.50 Y:30.00 Z:4.10 E:0.20 Count X:1256 Y:3015 Z:7478

12:10:06.226  Current Pos. = [12.5, 30.0, 4.1, 0.2]
12:10:06.226  Current coords: [12.5, 30.0, 4.1, 0.2]
12:10:06.230  GCODE to run:
12:10:06.231  ******************************************
12:10:06.231  0.04004385183512748 mL of material required

12:10:06.231  M204 S500
12:10:06.231  G90
12:10:06.231  G0 Z4.511759 F500
12:10:06.231  G0 X12.5 Y42.5 Z4.511759 F5000
12:10:06.231  G1 E0.8 F150.0
12:10:06.231  G4 P100.0
12:10:06.231  G1 X12.5 Y31.0 Z4.511759 E0.809709 F180.0
12:10:06.231  G1 X13.25 Y31.0 Z4.511759 E0.810431 F180.0
12:10:06.231  G1 X13.25 Y42.5 Z4.511759 E0.82014 F180.0
12:10:06.231  G1 X14.0 Y42.5 Z4.511759 E0.820862 F180.0
12:10:06.231  G1 X14.0 Y31.0 Z4.511759 E0.830571 F180.0
12:10:06.231  G1 X14.0 Y30.0 Z4.511759 E0.831483 F180
12:10:06.231  G1 E0.231483 F30.0
12:10:06.231  G4 P0
12:10:06.231  G0 X12.5 Y42.5 Z4.811759 F5000
12:10:06.231  G1 E0.831483 F150.0
12:10:06.231  G4 P100.0
12:10:06.231  G1 X12.5 Y31.0 Z4.811759 E0.841192 F180.0
12:10:06.231  G1 X13.25 Y31.0 Z4.811759 E0.841914 F180.0
12:10:06.231  G1 X13.25 Y42.5 Z4.811759 E0.851623 F180.0
12:10:06.231  G1 X14.0 Y42.5 Z4.811759 E0.852345 F180.0
12:10:06.231  G1 X14.0 Y31.0 Z4.811759 E0.862054 F180.0
12:10:06.231  G1 X14.0 Y30.0 Z4.811759 E0.862966 F180
12:10:06.231  G1 E0.262966 F30.0
12:10:06.231  G4 P0
12:10:06.231  G0 X12.5 Y42.5 Z5.111759 F5000
12:10:06.231  G1 E0.862966 F150.0
12:10:06.231  G4 P100.0
12:10:06.231  G1 X12.5 Y31.0 Z5.111759 E0.872675 F180.0
12:10:06.231  G1 X13.25 Y31.0 Z5.111759 E0.873397 F180.0
12:10:06.231  G1 X13.25 Y42.5 Z5.111759 E0.883106 F180.0
12:10:06.231  G1 X14.0 Y42.5 Z5.111759 E0.883828 F180.0
12:10:06.231  G1 X14.0 Y31.0 Z5.111759 E0.893537 F180.0
12:10:06.231  G1 X14.0 Y30.0 Z5.111759 E0.894449 F180
12:10:06.231  G1 E0.294449 F30.0
12:10:06.231  G4 P0
12:10:06.231  G0 X12.5 Y42.5 Z5.411759 F5000
12:10:06.231  G1 E0.894449 F150.0
12:10:06.231  G4 P100.0
12:10:06.231  G1 X12.5 Y31.0 Z5.411759 E0.904158 F180.0
12:10:06.231  G1 X13.25 Y31.0 Z5.411759 E0.90488 F180.0
12:10:06.231  G1 X13.25 Y42.5 Z5.411759 E0.914589 F180.0
12:10:06.231  G1 X14.0 Y42.5 Z5.411759 E0.915311 F180.0
12:10:06.232  G1 X14.0 Y31.0 Z5.411759 E0.92502 F180.0
12:10:06.232  G1 X14.0 Y30.0 Z5.411759 E0.925932 F180
12:10:06.232  G1 E0.325932 F30.0
12:10:06.232  G4 P0
12:10:06.232  G0 X12.5 Y42.5 Z5.711759 F5000
12:10:06.232  G1 E0.925932 F150.0
12:10:06.232  G4 P100.0
12:10:06.232  G1 X12.5 Y31.0 Z5.711759 E0.935641 F180.0
12:10:06.232  G1 X13.25 Y31.0 Z5.711759 E0.936363 F180.0
12:10:06.232  G1 X13.25 Y42.5 Z5.711759 E0.946072 F180.0
12:10:06.232  G1 X14.0 Y42.5 Z5.711759 E0.946794 F180.0
12:10:06.232  G1 X14.0 Y31.0 Z5.711759 E0.956503 F180.0
12:10:06.234  G1 X14.0 Y30.0 Z5.711759 E0.957415 F180
12:10:06.234  G1 E0.357415 F30.0
12:10:06.234  G4 P0
12:10:06.234  G0 X12.5 Y42.5 Z6.011759 F5000
12:10:06.234  G1 E0.957415 F150.0
12:10:06.234  G4 P100.0
12:10:06.234  G1 X12.5 Y31.0 Z6.011759 E0.967124 F180.0
12:10:06.234  G1 X13.25 Y31.0 Z6.011759 E0.967846 F180.0
12:10:06.235  G1 X13.25 Y42.5 Z6.011759 E0.977555 F180.0
12:10:06.235  G1 X14.0 Y42.5 Z6.011759 E0.978277 F180.0
12:10:06.235  G1 X14.0 Y31.0 Z6.011759 E0.987986 F180.0
12:10:06.235  G1 X14.0 Y30.0 Z6.011759 E0.988898 F180
12:10:06.235  G1 E0.388898 F30.0
12:10:06.235  G4 P0
12:10:06.235  G1 X14.0 Y26.0 Z7.011759 F5000
12:10:06.235  G1 X14.0 Y30.0 Z6.511759 F5000
12:10:06.235  G1 X14.0 Y43.5 Z6.511759 F5000
12:10:06.235  G1 X14.0 Y43.5 Z4.081759 F5000
12:10:06.235  G1 X14.0 Y43.5 Z4.511759 F5000
12:10:06.235  G0 X12.5 Y55.0 Z4.511759 F5000
12:10:06.235  G1 E0.988898 F150.0
12:10:06.235  G4 P100.0
12:10:06.235  G1 X12.5 Y43.5 Z4.511759 E0.998607 F180.0
12:10:06.235  G1 X12.5 Y44.0 Z4.511759 E0.999154 F180
12:10:06.235  G1 E0.399154 F30.0
12:10:06.235  G4 P0
12:10:06.235  G1 X12.5 Y44.0 Z7.011759 F5000
12:10:06.235  G1 X12.5 Y38.5 Z7.011759 F5000
12:10:06.235  G1 X12.5 Y42.5 Z6.511759 F5000
12:10:06.235  G1 X12.5 Y30.0 Z6.511759 F5000
12:10:06.235  G1 X12.5 Y30.0 Z5.011759 F5000
12:10:06.235  # TIP CLEANING CODE:
12:10:06.235  <OMITTED>
12:10:06.235  ******************************************
12:10:06.236  Planned Params = ['VAL_PRIME_DELAY']
12:10:06.236  PlotterPlannedParams = []
12:10:07.768  Toolpath extents: [1.5, 25, 2.5]
12:10:07.769  Running toolpath:
12:10:07.769  sendCommand:  b'M204 S500\n' wait=False
12:10:07.772  sendCommand:  b'G90\n' wait=False
12:10:07.776  sendCommand:  b'G0 Z4.511759 F500\n' wait=False
12:10:07.780  sendCommand:  b'G0 X12.5 Y42.5 Z4.511759 F5000\n' wait=False
12:10:07.788  sendCommand:  b'G1 E0.8 F150.0\n' wait=False
12:10:07.796  sendCommand:  b'G4 P100.0\n' wait=False
12:10:08.537  sendCommand:  b'G1 X12.5 Y31.0 Z4.511759 E0.809709 F180.0\n' wait=False
12:10:08.546  sendCommand:  b'G1 X13.25 Y31.0 Z4.511759 E0.810431 F180.0\n' wait=False
12:10:08.554  sendCommand:  b'G1 X13.25 Y42.5 Z4.511759 E0.82014 F180.0\n' wait=False
12:10:08.562  sendCommand:  b'G1 X14.0 Y42.5 Z4.511759 E0.820862 F180.0\n' wait=False
12:10:08.570  sendCommand:  b'G1 X14.0 Y31.0 Z4.511759 E0.830571 F180.0\n' wait=False
12:10:08.578  sendCommand:  b'G1 X14.0 Y30.0 Z4.511759 E0.831483 F180\n' wait=False
12:10:08.587  sendCommand:  b'G1 E0.231483 F30.0\n' wait=False
12:10:08.591  sendCommand:  b'G4 P0\n' wait=False
12:10:22.071  sendCommand:  b'G0 X12.5 Y42.5 Z4.811759 F5000\n' wait=False
12:10:22.079  sendCommand:  b'G1 E0.831483 F150.0\n' wait=False
12:10:22.087  sendCommand:  b'G4 P100.0\n' wait=False
12:10:22.739  sendCommand:  b'G1 X12.5 Y31.0 Z4.811759 E0.841192 F180.0\n' wait=False
12:10:22.747  sendCommand:  b'G1 X13.25 Y31.0 Z4.811759 E0.841914 F180.0\n' wait=False
12:10:22.755  sendCommand:  b'G1 X13.25 Y42.5 Z4.811759 E0.851623 F180.0\n' wait=False
12:10:22.763  sendCommand:  b'G1 X14.0 Y42.5 Z4.811759 E0.852345 F180.0\n' wait=False
12:10:22.772  sendCommand:  b'G1 X14.0 Y31.0 Z4.811759 E0.862054 F180.0\n' wait=False
12:10:22.780  sendCommand:  b'G1 X14.0 Y30.0 Z4.811759 E0.862966 F180\n' wait=False
12:10:22.788  sendCommand:  b'G1 E0.262966 F30.0\n' wait=False
12:10:22.796  sendCommand:  b'G4 P0\n' wait=False
12:10:36.272  sendCommand:  b'G0 X12.5 Y42.5 Z5.111759 F5000\n' wait=False
12:10:36.280  sendCommand:  b'G1 E0.862966 F150.0\n' wait=False
12:10:36.288  sendCommand:  b'G4 P100.0\n' wait=False
12:10:36.940  sendCommand:  b'G1 X12.5 Y31.0 Z5.111759 E0.872675 F180.0\n' wait=False
12:10:36.948  sendCommand:  b'G1 X13.25 Y31.0 Z5.111759 E0.873397 F180.0\n' wait=False
12:10:36.956  sendCommand:  b'G1 X13.25 Y42.5 Z5.111759 E0.883106 F180.0\n' wait=False
12:10:36.965  sendCommand:  b'G1 X14.0 Y42.5 Z5.111759 E0.883828 F180.0\n' wait=False
12:10:36.973  sendCommand:  b'G1 X14.0 Y31.0 Z5.111759 E0.893537 F180.0\n' wait=False
12:10:36.981  sendCommand:  b'G1 X14.0 Y30.0 Z5.111759 E0.894449 F180\n' wait=False
12:10:36.989  sendCommand:  b'G1 E0.294449 F30.0\n' wait=False
12:10:36.993  sendCommand:  b'G4 P0\n' wait=False
12:10:50.473  sendCommand:  b'G0 X12.5 Y42.5 Z5.411759 F5000\n' wait=False
12:10:50.481  sendCommand:  b'G1 E0.894449 F150.0\n' wait=False
12:10:50.485  sendCommand:  b'G4 P100.0\n' wait=False
12:10:51.141  sendCommand:  b'G1 X12.5 Y31.0 Z5.411759 E0.904158 F180.0\n' wait=False
12:10:51.149  sendCommand:  b'G1 X13.25 Y31.0 Z5.411759 E0.90488 F180.0\n' wait=False
12:10:51.158  sendCommand:  b'G1 X13.25 Y42.5 Z5.411759 E0.914589 F180.0\n' wait=False
12:10:51.166  sendCommand:  b'G1 X14.0 Y42.5 Z5.411759 E0.915311 F180.0\n' wait=False
12:10:51.174  sendCommand:  b'G1 X14.0 Y31.0 Z5.411759 E0.92502 F180.0\n' wait=False
12:10:51.182  sendCommand:  b'G1 X14.0 Y30.0 Z5.411759 E0.925932 F180\n' wait=False
12:10:51.190  sendCommand:  b'G1 E0.325932 F30.0\n' wait=False
12:10:51.194  sendCommand:  b'G4 P0\n' wait=False
12:11:04.674  sendCommand:  b'G0 X12.5 Y42.5 Z5.711759 F5000\n' wait=False
12:11:04.684  sendCommand:  b'G1 E0.925932 F150.0\n' wait=False
12:11:04.690  sendCommand:  b'G4 P100.0\n' wait=False
12:11:05.355  sendCommand:  b'G1 X12.5 Y31.0 Z5.711759 E0.935641 F180.0\n' wait=False
12:11:05.363  sendCommand:  b'G1 X13.25 Y31.0 Z5.711759 E0.936363 F180.0\n' wait=False
12:11:05.371  sendCommand:  b'G1 X13.25 Y42.5 Z5.711759 E0.946072 F180.0\n' wait=False
12:11:05.379  sendCommand:  b'G1 X14.0 Y42.5 Z5.711759 E0.946794 F180.0\n' wait=False
12:11:05.388  sendCommand:  b'G1 X14.0 Y31.0 Z5.711759 E0.956503 F180.0\n' wait=False
12:11:05.396  sendCommand:  b'G1 X14.0 Y30.0 Z5.711759 E0.957415 F180\n' wait=False
12:11:05.404  sendCommand:  b'G1 E0.357415 F30.0\n' wait=False
12:11:05.412  sendCommand:  b'G4 P0\n' wait=False
12:11:18.887  sendCommand:  b'G0 X12.5 Y42.5 Z6.011759 F5000\n' wait=False
12:11:18.896  sendCommand:  b'G1 E0.957415 F150.0\n' wait=False
12:11:18.904  sendCommand:  b'G4 P100.0\n' wait=False
12:11:19.556  sendCommand:  b'G1 X12.5 Y31.0 Z6.011759 E0.967124 F180.0\n' wait=False
12:11:19.564  sendCommand:  b'G1 X13.25 Y31.0 Z6.011759 E0.967846 F180.0\n' wait=False
12:11:19.572  sendCommand:  b'G1 X13.25 Y42.5 Z6.011759 E0.977555 F180.0\n' wait=False
12:11:19.581  sendCommand:  b'G1 X14.0 Y42.5 Z6.011759 E0.978277 F180.0\n' wait=False
12:11:19.589  sendCommand:  b'G1 X14.0 Y31.0 Z6.011759 E0.987986 F180.0\n' wait=False
12:11:19.597  sendCommand:  b'G1 X14.0 Y30.0 Z6.011759 E0.988898 F180\n' wait=False
12:11:19.605  sendCommand:  b'G1 E0.388898 F30.0\n' wait=False
12:11:19.612  sendCommand:  b'G4 P0\n' wait=False
12:11:33.093  sendCommand:  b'G1 X14.0 Y26.0 Z7.011759 F5000\n' wait=False
12:11:33.101  sendCommand:  b'G1 X14.0 Y30.0 Z6.511759 F5000\n' wait=False
12:11:33.109  sendCommand:  b'G1 X14.0 Y43.5 Z6.511759 F5000\n' wait=False
12:11:33.118  sendCommand:  b'G1 X14.0 Y43.5 Z4.081759 F5000\n' wait=False
12:11:33.126  sendCommand:  b'G1 X14.0 Y43.5 Z4.511759 F5000\n' wait=False
12:11:33.134  sendCommand:  b'G0 X12.5 Y55.0 Z4.511759 F5000\n' wait=False
12:11:33.146  sendCommand:  b'G1 E0.988898 F150.0\n' wait=False
12:11:33.155  sendCommand:  b'G4 P100.0\n' wait=False
12:11:35.109  sendCommand:  b'G1 X12.5 Y43.5 Z4.511759 E0.998607 F180.0\n' wait=False
12:11:35.117  sendCommand:  b'G1 X12.5 Y44.0 Z4.511759 E0.999154 F180\n' wait=False
12:11:35.125  sendCommand:  b'G1 E0.399154 F30.0\n' wait=False
12:11:35.129  sendCommand:  b'G4 P0\n' wait=False
12:11:40.331  sendCommand:  b'G1 X12.5 Y44.0 Z7.011759 F5000\n' wait=False
12:11:40.339  sendCommand:  b'G1 X12.5 Y38.5 Z7.011759 F5000\n' wait=False
12:11:40.348  sendCommand:  b'G1 X12.5 Y42.5 Z6.511759 F5000\n' wait=False
12:11:40.356  sendCommand:  b'G1 X12.5 Y30.0 Z6.511759 F5000\n' wait=False
12:11:40.364  sendCommand:  b'G1 X12.5 Y30.0 Z5.011759 F5000\n' wait=False
12:11:40.372  <TIP CLEANING CODE OMITTED>
12:11:54.615  Volume used = 0.040044 mL
12:11:54.615  Requesting position [0]:
12:11:54.765  sendCommand:  b'M114\n' wait=False
12:11:56.298  >>>  X:12.50 Y:30.00 Z:5.10 E:0.40 Count X:1256 Y:3015 Z:9078

12:11:56.349  Current Pos. = [12.5, 30.0, 5.1, 0.4]
12:11:56.349  Current coords: [12.5, 30.0, 5.1, 0.4]
12:11:57.366  Accessing alignment lights...
12:11:57.418  Alignment lights set to 120
12:11:57.418  Switching to alignment camera
12:11:57.418  sendCommand:  b'G91\n' wait=False
12:11:57.418  Motion mode = relative
12:11:57.418  sendCommand:  b'G0 Z4.47 F500\n' wait=False
12:11:57.418  sendCommand:  b'G0 X-67.71 Y-6.15 F3000\n' wait=False
12:11:57.419  sendCommand:  b'G90\n' wait=False
12:11:57.420  Motion mode = absolute
12:12:04.460  moveTo 12.5,54.5,4.1, speed = 5000
12:12:04.460  Align coords = ['12.5', '54.5', '4.1']
12:12:04.460  Tip coords = ['-55.21', '48.35', '8.57', '0.4']
12:12:04.460  checkMove = PASS
12:12:04.460  sendCommand:  b'G0 X-55.21 Y48.35 F5000\n' wait=False
12:12:04.460  Dest. Pos. = [-55.21, 48.35, 8.57, 0.4]
12:12:04.460  sendCommand:  b'G0 Z8.57 F500\n' wait=True
12:12:04.461  Requesting position [0]:
12:12:04.612  sendCommand:  b'M114\n' wait=False
12:12:05.177  >>>  X:-55.21 Y:48.35 Z:8.57 E:0.40 Count X:-5549 Y:4859 Z:14366

12:12:05.227  Current Pos. = [-55.21, 48.35, 8.57, 0.4]
12:12:05.227  Requesting position [0]:
12:12:05.378  sendCommand:  b'M114\n' wait=False
12:12:05.384  >>>  X:-55.21 Y:48.35 Z:8.57 E:0.40 Count X:-5549 Y:4859 Z:14366

12:12:05.435  Current Pos. = [-55.21, 48.35, 8.57, 0.4]
12:12:05.435  Requesting position [0]:
12:12:05.585  sendCommand:  b'M114\n' wait=False
12:12:05.592  >>>  X:-55.21 Y:48.35 Z:8.57 E:0.40 Count X:-5549 Y:4859 Z:14366

12:12:05.643  Current Pos. = [-55.21, 48.35, 8.57, 0.4]
12:12:05.643  Destination reached
12:12:08.253670  Expt# set: 2.0
12:12:13.773  Anal. complete. (5.5s)
12:12:13.773  Result = 0.863227
12:12:13.773  Recording data for expt #2.0...
12:12:13.774  Planned Params = ['VAL_PRIME_DELAY']
12:12:13.775  vector_params = ['Result Value']
12:12:13.775  newVector = [0]
12:12:13.775  Requesting temperatures:
12:12:13.775  Fetching output...
12:12:13.826  sendCommand:  b'M105\n' wait=False
12:12:13.927  Fetching output...
12:12:13.978  Bed = 24.36, Acc = 25.00 (202.459ms)
12:12:13.980  config.data['PlannedParams'] = VAL_PRIME_DELAY
12:12:13.980  Planned Params = ['VAL_PRIME_DELAY']
12:12:13.981  Data recorded (0.207 s)
12:12:18.085  Accessing process lights...
12:12:18.136  Process lights set to 255
12:12:18.136  Switching to tip camera
12:12:18.136  sendCommand:  b'G91\n' wait=False
12:12:18.136  Motion mode = relative
12:12:18.136  sendCommand:  b'G0 X67.71 Y6.15 F3000\n' wait=False
12:12:18.136  sendCommand:  b'G0 Z-4.47 F500\n' wait=False
12:12:18.137  sendCommand:  b'G90\n' wait=False
12:12:18.137  Motion mode = absolute
12:12:23.662  sendCommand:  b'G1 Z4.15 F0\n' wait=False
12:12:23.662  moveTo 15,30,4.1, speed = 5000
12:12:23.662  Align coords = ['15.0', '30.0', '4.1']
12:12:23.662  Tip coords = ['15.0', '30.0', '4.1', '0.4']
12:12:23.662  checkMove = PASS
12:12:23.662  sendCommand:  b'G0 X15.0 Y30.0 F5000\n' wait=False
12:12:23.662  Dest. Pos. = [15.0, 30.0, 4.1, 0.4]
12:12:23.662  sendCommand:  b'G0 Z4.1 F500\n' wait=True
12:12:23.663  Requesting position [0]:
12:12:23.814  sendCommand:  b'M114\n' wait=False
12:12:24.218  >>>  X:15.00 Y:30.00 Z:4.10 E:0.40 Count X:1508 Y:3015 Z:7485

12:12:24.269  Current Pos. = [15.0, 30.0, 4.1, 0.4]
12:12:24.269  Requesting position [0]:
12:12:24.420  sendCommand:  b'M114\n' wait=False
12:12:24.427  >>>  X:15.00 Y:30.00 Z:4.10 E:0.40 Count X:1508 Y:3015 Z:7485

12:12:24.478  Current Pos. = [15.0, 30.0, 4.1, 0.4]
12:12:24.478  Requesting position [0]:
12:12:24.628  sendCommand:  b'M114\n' wait=False
12:12:24.634  >>>  X:15.00 Y:30.00 Z:4.10 E:0.40 Count X:1508 Y:3015 Z:7485

12:12:24.687  Current Pos. = [15.0, 30.0, 4.1, 0.4]
12:12:24.687  Destination reached
12:12:35.289308  prime_delay set: 0.0
12:12:53.900  Dynamic Home Definition
12:12:53.900  Requesting position [0]:
12:12:54.051  sendCommand:  b'M114\n' wait=False
12:12:54.058  >>>  X:15.00 Y:30.00 Z:4.10 E:0.40 Count X:1508 Y:3015 Z:7485

12:12:54.108  Current Pos. = [15.0, 30.0, 4.1, 0.4]
12:12:54.108  Current coords: [15.0, 30.0, 4.1, 0.4]
12:12:54.108  Part home = [15.0, 30.0, 4.1]
12:12:56.633  Trying to generate toolpath... 
12:12:56.633  Tip Diameter = 0.54
12:12:56.633  Tip Length = 12
12:12:56.633  Extrude Mult. = 1.0
12:12:56.633  Tip Height = 0.4
12:12:56.633  Prime Amt. = 0.6
12:12:56.633  Retract Amt. = 0.6
12:12:56.633  Requesting position [0]:
12:12:56.788  sendCommand:  b'M114\n' wait=False
12:12:56.798  >>>  X:15.00 Y:30.00 Z:4.10 E:0.40 Count X:1508 Y:3015 Z:7485

12:12:56.852  Current Pos. = [15.0, 30.0, 4.1, 0.4]
12:12:56.852  Current coords: [15.0, 30.0, 4.1, 0.4]
12:12:56.852  Flex Dist. = 0.011759
12:12:56.854  Requesting position [0]:
12:12:57.005  sendCommand:  b'M114\n' wait=False
12:12:57.012  >>>  X:15.00 Y:30.00 Z:4.10 E:0.40 Count X:1508 Y:3015 Z:7485

12:12:57.063  Current Pos. = [15.0, 30.0, 4.1, 0.4]
12:12:57.063  Current coords: [15.0, 30.0, 4.1, 0.4]
12:12:57.067  GCODE to run:
12:12:57.067  ******************************************
12:12:57.067  0.04004385183512748 mL of material required

12:12:57.067  M204 S500
12:12:57.067  G90
12:12:57.067  G0 Z4.511759 F500
12:12:57.067  G0 X15.0 Y42.5 Z4.511759 F5000
12:12:57.067  G1 E1.0 F150.0
12:12:57.067  G4 P0.0
12:12:57.067  G1 X15.0 Y31.0 Z4.511759 E1.009709 F180.0
12:12:57.067  G1 X15.75 Y31.0 Z4.511759 E1.010431 F180.0
12:12:57.067  G1 X15.75 Y42.5 Z4.511759 E1.02014 F180.0
12:12:57.067  G1 X16.5 Y42.5 Z4.511759 E1.020862 F180.0
12:12:57.067  G1 X16.5 Y31.0 Z4.511759 E1.030571 F180.0
12:12:57.067  G1 X16.5 Y30.0 Z4.511759 E1.031483 F180
12:12:57.067  G1 E0.431483 F30.0
12:12:57.067  G4 P0
12:12:57.067  G0 X15.0 Y42.5 Z4.811759 F5000
12:12:57.067  G1 E1.031483 F150.0
12:12:57.067  G4 P0.0
12:12:57.067  G1 X15.0 Y31.0 Z4.811759 E1.041192 F180.0
12:12:57.067  G1 X15.75 Y31.0 Z4.811759 E1.041914 F180.0
12:12:57.067  G1 X15.75 Y42.5 Z4.811759 E1.051623 F180.0
12:12:57.067  G1 X16.5 Y42.5 Z4.811759 E1.052345 F180.0
12:12:57.068  G1 X16.5 Y31.0 Z4.811759 E1.062054 F180.0
12:12:57.068  G1 X16.5 Y30.0 Z4.811759 E1.062966 F180
12:12:57.068  G1 E0.462966 F30.0
12:12:57.068  G4 P0
12:12:57.068  G0 X15.0 Y42.5 Z5.111759 F5000
12:12:57.068  G1 E1.062966 F150.0
12:12:57.068  G4 P0.0
12:12:57.068  G1 X15.0 Y31.0 Z5.111759 E1.072675 F180.0
12:12:57.068  G1 X15.75 Y31.0 Z5.111759 E1.073397 F180.0
12:12:57.068  G1 X15.75 Y42.5 Z5.111759 E1.083106 F180.0
12:12:57.068  G1 X16.5 Y42.5 Z5.111759 E1.083828 F180.0
12:12:57.068  G1 X16.5 Y31.0 Z5.111759 E1.093537 F180.0
12:12:57.068  G1 X16.5 Y30.0 Z5.111759 E1.094449 F180
12:12:57.068  G1 E0.494449 F30.0
12:12:57.068  G4 P0
12:12:57.068  G0 X15.0 Y42.5 Z5.411759 F5000
12:12:57.068  G1 E1.094449 F150.0
12:12:57.068  G4 P0.0
12:12:57.068  G1 X15.0 Y31.0 Z5.411759 E1.104158 F180.0
12:12:57.068  G1 X15.75 Y31.0 Z5.411759 E1.10488 F180.0
12:12:57.068  G1 X15.75 Y42.5 Z5.411759 E1.114589 F180.0
12:12:57.068  G1 X16.5 Y42.5 Z5.411759 E1.115311 F180.0
12:12:57.068  G1 X16.5 Y31.0 Z5.411759 E1.12502 F180.0
12:12:57.068  G1 X16.5 Y30.0 Z5.411759 E1.125932 F180
12:12:57.068  G1 E0.525932 F30.0
12:12:57.068  G4 P0
12:12:57.068  G0 X15.0 Y42.5 Z5.711759 F5000
12:12:57.068  G1 E1.125932 F150.0
12:12:57.068  G4 P0.0
12:12:57.068  G1 X15.0 Y31.0 Z5.711759 E1.135641 F180.0
12:12:57.068  G1 X15.75 Y31.0 Z5.711759 E1.136363 F180.0
12:12:57.068  G1 X15.75 Y42.5 Z5.711759 E1.146072 F180.0
12:12:57.068  G1 X16.5 Y42.5 Z5.711759 E1.146794 F180.0
12:12:57.068  G1 X16.5 Y31.0 Z5.711759 E1.156503 F180.0
12:12:57.068  G1 X16.5 Y30.0 Z5.711759 E1.157415 F180
12:12:57.068  G1 E0.557415 F30.0
12:12:57.068  G4 P0
12:12:57.068  G0 X15.0 Y42.5 Z6.011759 F5000
12:12:57.068  G1 E1.157415 F150.0
12:12:57.068  G4 P0.0
12:12:57.068  G1 X15.0 Y31.0 Z6.011759 E1.167124 F180.0
12:12:57.068  G1 X15.75 Y31.0 Z6.011759 E1.167846 F180.0
12:12:57.068  G1 X15.75 Y42.5 Z6.011759 E1.177555 F180.0
12:12:57.068  G1 X16.5 Y42.5 Z6.011759 E1.178277 F180.0
12:12:57.068  G1 X16.5 Y31.0 Z6.011759 E1.187986 F180.0
12:12:57.068  G1 X16.5 Y30.0 Z6.011759 E1.188898 F180
12:12:57.068  G1 E0.588898 F30.0
12:12:57.068  G4 P0
12:12:57.068  G1 X16.5 Y26.0 Z7.011759 F5000
12:12:57.068  G1 X16.5 Y30.0 Z6.511759 F5000
12:12:57.068  G1 X16.5 Y43.5 Z6.511759 F5000
12:12:57.068  G1 X16.5 Y43.5 Z4.081759 F5000
12:12:57.068  G1 X16.5 Y43.5 Z4.511759 F5000
12:12:57.068  G0 X15.0 Y55.0 Z4.511759 F5000
12:12:57.069  G1 E1.188898 F150.0
12:12:57.069  G4 P0.0
12:12:57.069  G1 X15.0 Y43.5 Z4.511759 E1.198607 F180.0
12:12:57.069  G1 X15.0 Y44.0 Z4.511759 E1.199154 F180
12:12:57.069  G1 E0.599154 F30.0
12:12:57.069  G4 P0
12:12:57.069  G1 X15.0 Y44.0 Z7.011759 F5000
12:12:57.069  G1 X15.0 Y38.5 Z7.011759 F5000
12:12:57.069  G1 X15.0 Y42.5 Z6.511759 F5000
12:12:57.069  G1 X15.0 Y30.0 Z6.511759 F5000
12:12:57.069  G1 X15.0 Y30.0 Z5.011759 F5000
12:12:57.069  # TIP CLEANING CODE:
12:12:57.069  <OMITTED>
12:12:57.069  ******************************************
12:12:57.585  Toolpath extents: [1.5, 25, 2.5]
12:12:57.586  Running toolpath:
12:12:57.586  sendCommand:  b'M204 S500\n' wait=False
12:12:57.588  sendCommand:  b'G90\n' wait=False
12:12:57.592  sendCommand:  b'G0 Z4.511759 F500\n' wait=False
12:12:57.596  sendCommand:  b'G0 X15.0 Y42.5 Z4.511759 F5000\n' wait=False
12:12:57.604  sendCommand:  b'G1 E1.0 F150.0\n' wait=False
12:12:57.613  sendCommand:  b'G4 P0.0\n' wait=False
12:12:58.255  sendCommand:  b'G1 X15.0 Y31.0 Z4.511759 E1.009709 F180.0\n' wait=False
12:12:58.264  sendCommand:  b'G1 X15.75 Y31.0 Z4.511759 E1.010431 F180.0\n' wait=False
12:12:58.272  sendCommand:  b'G1 X15.75 Y42.5 Z4.511759 E1.02014 F180.0\n' wait=False
12:12:58.280  sendCommand:  b'G1 X16.5 Y42.5 Z4.511759 E1.020862 F180.0\n' wait=False
12:12:58.288  sendCommand:  b'G1 X16.5 Y31.0 Z4.511759 E1.030571 F180.0\n' wait=False
12:12:58.296  sendCommand:  b'G1 X16.5 Y30.0 Z4.511759 E1.031483 F180\n' wait=False
12:12:58.305  sendCommand:  b'G1 E0.431483 F30.0\n' wait=False
12:12:58.309  sendCommand:  b'G4 P0\n' wait=False
12:13:11.789  sendCommand:  b'G0 X15.0 Y42.5 Z4.811759 F5000\n' wait=False
12:13:11.797  sendCommand:  b'G1 E1.031483 F150.0\n' wait=False
12:13:11.806  sendCommand:  b'G4 P0.0\n' wait=False
12:13:12.359  sendCommand:  b'G1 X15.0 Y31.0 Z4.811759 E1.041192 F180.0\n' wait=False
12:13:12.367  sendCommand:  b'G1 X15.75 Y31.0 Z4.811759 E1.041914 F180.0\n' wait=False
12:13:12.375  sendCommand:  b'G1 X15.75 Y42.5 Z4.811759 E1.051623 F180.0\n' wait=False
12:13:12.384  sendCommand:  b'G1 X16.5 Y42.5 Z4.811759 E1.052345 F180.0\n' wait=False
12:13:12.392  sendCommand:  b'G1 X16.5 Y31.0 Z4.811759 E1.062054 F180.0\n' wait=False
12:13:12.399  sendCommand:  b'G1 X16.5 Y30.0 Z4.811759 E1.062966 F180\n' wait=False
12:13:12.407  sendCommand:  b'G1 E0.462966 F30.0\n' wait=False
12:13:12.411  sendCommand:  b'G4 P0\n' wait=False
12:13:25.892  sendCommand:  b'G0 X15.0 Y42.5 Z5.111759 F5000\n' wait=False
12:13:25.900  sendCommand:  b'G1 E1.062966 F150.0\n' wait=False
12:13:25.908  sendCommand:  b'G4 P0.0\n' wait=False
12:13:26.462  sendCommand:  b'G1 X15.0 Y31.0 Z5.111759 E1.072675 F180.0\n' wait=False
12:13:26.470  sendCommand:  b'G1 X15.75 Y31.0 Z5.111759 E1.073397 F180.0\n' wait=False
12:13:26.478  sendCommand:  b'G1 X15.75 Y42.5 Z5.111759 E1.083106 F180.0\n' wait=False
12:13:26.486  sendCommand:  b'G1 X16.5 Y42.5 Z5.111759 E1.083828 F180.0\n' wait=False
12:13:26.495  sendCommand:  b'G1 X16.5 Y31.0 Z5.111759 E1.093537 F180.0\n' wait=False
12:13:26.503  sendCommand:  b'G1 X16.5 Y30.0 Z5.111759 E1.094449 F180\n' wait=False
12:13:26.511  sendCommand:  b'G1 E0.494449 F30.0\n' wait=False
12:13:26.519  sendCommand:  b'G4 P0\n' wait=False
12:13:39.995  sendCommand:  b'G0 X15.0 Y42.5 Z5.411759 F5000\n' wait=False
12:13:40.004  sendCommand:  b'G1 E1.094449 F150.0\n' wait=False
12:13:40.012  sendCommand:  b'G4 P0.0\n' wait=False
12:13:40.577  sendCommand:  b'G1 X15.0 Y31.0 Z5.411759 E1.104158 F180.0\n' wait=False
12:13:40.589  sendCommand:  b'G1 X15.75 Y31.0 Z5.411759 E1.10488 F180.0\n' wait=False
12:13:40.597  sendCommand:  b'G1 X15.75 Y42.5 Z5.411759 E1.114589 F180.0\n' wait=False
12:13:40.605  sendCommand:  b'G1 X16.5 Y42.5 Z5.411759 E1.115311 F180.0\n' wait=False
12:13:40.614  sendCommand:  b'G1 X16.5 Y31.0 Z5.411759 E1.12502 F180.0\n' wait=False
12:13:40.622  sendCommand:  b'G1 X16.5 Y30.0 Z5.411759 E1.125932 F180\n' wait=False
12:13:40.630  sendCommand:  b'G1 E0.525932 F30.0\n' wait=False
12:13:40.638  sendCommand:  b'G4 P0\n' wait=False
12:13:54.115  sendCommand:  b'G0 X15.0 Y42.5 Z5.711759 F5000\n' wait=False
12:13:54.123  sendCommand:  b'G1 E1.125932 F150.0\n' wait=False
12:13:54.131  sendCommand:  b'G4 P0.0\n' wait=False
12:13:54.684  sendCommand:  b'G1 X15.0 Y31.0 Z5.711759 E1.135641 F180.0\n' wait=False
12:13:54.692  sendCommand:  b'G1 X15.75 Y31.0 Z5.711759 E1.136363 F180.0\n' wait=False
12:13:54.700  sendCommand:  b'G1 X15.75 Y42.5 Z5.711759 E1.146072 F180.0\n' wait=False
12:13:54.708  sendCommand:  b'G1 X16.5 Y42.5 Z5.711759 E1.146794 F180.0\n' wait=False
12:13:54.716  sendCommand:  b'G1 X16.5 Y31.0 Z5.711759 E1.156503 F180.0\n' wait=False
12:13:54.725  sendCommand:  b'G1 X16.5 Y30.0 Z5.711759 E1.157415 F180\n' wait=False
12:13:54.733  sendCommand:  b'G1 E0.557415 F30.0\n' wait=False
12:13:54.741  sendCommand:  b'G4 P0\n' wait=False
12:14:08.217  sendCommand:  b'G0 X15.0 Y42.5 Z6.011759 F5000\n' wait=False
12:14:08.226  sendCommand:  b'G1 E1.157415 F150.0\n' wait=False
12:14:08.234  sendCommand:  b'G4 P0.0\n' wait=False
12:14:08.787  sendCommand:  b'G1 X15.0 Y31.0 Z6.011759 E1.167124 F180.0\n' wait=False
12:14:08.795  sendCommand:  b'G1 X15.75 Y31.0 Z6.011759 E1.167846 F180.0\n' wait=False
12:14:08.804  sendCommand:  b'G1 X15.75 Y42.5 Z6.011759 E1.177555 F180.0\n' wait=False
12:14:08.811  sendCommand:  b'G1 X16.5 Y42.5 Z6.011759 E1.178277 F180.0\n' wait=False
12:14:08.819  sendCommand:  b'G1 X16.5 Y31.0 Z6.011759 E1.187986 F180.0\n' wait=False
12:14:08.827  sendCommand:  b'G1 X16.5 Y30.0 Z6.011759 E1.188898 F180\n' wait=False
12:14:08.835  sendCommand:  b'G1 E0.588898 F30.0\n' wait=False
12:14:08.839  sendCommand:  b'G4 P0\n' wait=False
12:14:22.320  sendCommand:  b'G1 X16.5 Y26.0 Z7.011759 F5000\n' wait=False
12:14:22.328  sendCommand:  b'G1 X16.5 Y30.0 Z6.511759 F5000\n' wait=False
12:14:22.336  sendCommand:  b'G1 X16.5 Y43.5 Z6.511759 F5000\n' wait=False
12:14:22.345  sendCommand:  b'G1 X16.5 Y43.5 Z4.081759 F5000\n' wait=False
12:14:22.353  sendCommand:  b'G1 X16.5 Y43.5 Z4.511759 F5000\n' wait=False
12:14:22.361  sendCommand:  b'G0 X15.0 Y55.0 Z4.511759 F5000\n' wait=False
12:14:22.373  sendCommand:  b'G1 E1.188898 F150.0\n' wait=False
12:14:22.382  sendCommand:  b'G4 P0.0\n' wait=False
12:14:24.237  sendCommand:  b'G1 X15.0 Y43.5 Z4.511759 E1.198607 F180.0\n' wait=False
12:14:24.245  sendCommand:  b'G1 X15.0 Y44.0 Z4.511759 E1.199154 F180\n' wait=False
12:14:24.254  sendCommand:  b'G1 E0.599154 F30.0\n' wait=False
12:14:24.258  sendCommand:  b'G4 P0\n' wait=False
12:14:29.460  sendCommand:  b'G1 X15.0 Y44.0 Z7.011759 F5000\n' wait=False
12:14:29.468  sendCommand:  b'G1 X15.0 Y38.5 Z7.011759 F5000\n' wait=False
12:14:29.476  sendCommand:  b'G1 X15.0 Y42.5 Z6.511759 F5000\n' wait=False
12:14:29.484  sendCommand:  b'G1 X15.0 Y30.0 Z6.511759 F5000\n' wait=False
12:14:29.493  sendCommand:  b'G1 X15.0 Y30.0 Z5.011759 F5000\n' wait=False
12:14:29.501  <TIP CLEANING CODE OMITTED>
12:14:43.718  Volume used = 0.040044 mL
12:14:43.718  Requesting position [0]:
12:14:43.869  sendCommand:  b'M114\n' wait=False
12:14:45.420  >>>  X:15.00 Y:30.00 Z:5.10 E:0.60 Count X:1508 Y:3015 Z:9085

12:14:45.470  Current Pos. = [15.0, 30.0, 5.1, 0.6]
12:14:45.471  Current coords: [15.0, 30.0, 5.1, 0.6]
12:14:48.489  Accessing alignment lights...
12:14:48.540  Alignment lights set to 120
12:14:48.540  Switching to alignment camera
12:14:48.540  sendCommand:  b'G91\n' wait=False
12:14:48.540  Motion mode = relative
12:14:48.540  sendCommand:  b'G0 Z4.47 F500\n' wait=False
12:14:48.540  sendCommand:  b'G0 X-67.71 Y-6.15 F3000\n' wait=False
12:14:48.541  sendCommand:  b'G90\n' wait=False
12:14:48.542  Motion mode = absolute
12:14:54.579  moveTo 15,54.5,4.1, speed = 5000
12:14:54.579  Align coords = ['15.0', '54.5', '4.1']
12:14:54.579  Tip coords = ['-52.71', '48.35', '8.57', '0.6']
12:14:54.579  checkMove = PASS
12:14:54.579  sendCommand:  b'G0 X-52.71 Y48.35 F5000\n' wait=False
12:14:54.579  Dest. Pos. = [-52.71, 48.35, 8.57, 0.6]
12:14:54.579  sendCommand:  b'G0 Z8.57 F500\n' wait=True
12:14:54.580  Requesting position [0]:
12:14:54.731  sendCommand:  b'M114\n' wait=False
12:14:55.295  >>>  X:-52.71 Y:48.35 Z:8.57 E:0.60 Count X:-5297 Y:4859 Z:14374

12:14:55.346  Current Pos. = [-52.71, 48.35, 8.57, 0.6]
12:14:55.346  Requesting position [0]:
12:14:55.497  sendCommand:  b'M114\n' wait=False
12:14:55.504  >>>  X:-52.71 Y:48.35 Z:8.57 E:0.60 Count X:-5297 Y:4859 Z:14374

12:14:55.554  Current Pos. = [-52.71, 48.35, 8.57, 0.6]
12:14:55.554  Requesting position [0]:
12:14:55.705  sendCommand:  b'M114\n' wait=False
12:14:55.710  >>>  X:-52.71 Y:48.35 Z:8.57 E:0.60 Count X:-5297 Y:4859 Z:14374

12:14:55.762  Current Pos. = [-52.71, 48.35, 8.57, 0.6]
12:14:55.762  Destination reached
12:14:57.346091  Expt# set: 3.0
12:15:02.903  Anal. complete. (5.54s)
12:15:02.903  Result = 0.764549
12:15:02.903  Recording data for expt #3.0...
12:15:02.904  Planned Params = ['VAL_PRIME_DELAY']
12:15:02.905  vector_params = ['Result Value']
12:15:02.905  newVector = [0]
12:15:02.905  Requesting temperatures:
12:15:02.905  Fetching output...
12:15:02.956  sendCommand:  b'M105\n' wait=False
12:15:03.060  Fetching output...
12:15:03.112  Bed = 24.57, Acc = 25.50 (207.445ms)
12:15:03.115  config.data['PlannedParams'] = VAL_PRIME_DELAY
12:15:03.115  Planned Params = ['VAL_PRIME_DELAY']
12:15:03.127  Data recorded (0.224 s)
12:15:08.179  Accessing process lights...
12:15:08.229  Process lights set to 255
12:15:08.229  Switching to tip camera
12:15:08.229  sendCommand:  b'G91\n' wait=False
12:15:08.229  Motion mode = relative
12:15:08.229  sendCommand:  b'G0 X67.71 Y6.15 F3000\n' wait=False
12:15:08.229  sendCommand:  b'G0 Z-4.47 F500\n' wait=False
12:15:08.230  sendCommand:  b'G90\n' wait=False
12:15:08.231  Motion mode = absolute
12:15:12.744  sendCommand:  b'G1 Z4.15 F0\n' wait=False
12:15:12.745  moveTo 17.5,30,4.1, speed = 5000
12:15:12.745  Align coords = ['17.5', '30.0', '4.1']
12:15:12.745  Tip coords = ['17.5', '30.0', '4.1', '0.6']
12:15:12.745  checkMove = PASS
12:15:12.745  sendCommand:  b'G0 X17.5 Y30.0 F5000\n' wait=False
12:15:12.745  Dest. Pos. = [17.5, 30.0, 4.1, 0.6]
12:15:12.745  sendCommand:  b'G0 Z4.1 F500\n' wait=True
12:15:12.746  Requesting position [0]:
12:15:12.897  sendCommand:  b'M114\n' wait=False
12:15:13.315  >>>  X:17.50 Y:30.00 Z:4.10 E:0.60 Count X:1759 Y:3015 Z:7491

12:15:13.367  Current Pos. = [17.5, 30.0, 4.1, 0.6]
12:15:13.369  Requesting position [0]:
12:15:13.519  sendCommand:  b'M114\n' wait=False
12:15:13.527  >>>  X:17.50 Y:30.00 Z:4.10 E:0.60 Count X:1759 Y:3015 Z:7491

12:15:13.578  Current Pos. = [17.5, 30.0, 4.1, 0.6]
12:15:13.578  Requesting position [0]:
12:15:13.729  sendCommand:  b'M114\n' wait=False
12:15:13.736  >>>  X:17.50 Y:30.00 Z:4.10 E:0.60 Count X:1759 Y:3015 Z:7491

12:15:13.787  Current Pos. = [17.5, 30.0, 4.1, 0.6]
12:15:13.787  Destination reached
12:15:21.397718  prime_delay set: 0.08
12:15:42.084  Dynamic Home Definition
12:15:42.084  Requesting position [0]:
12:15:42.234  sendCommand:  b'M114\n' wait=False
12:15:42.240  >>>  X:17.50 Y:30.00 Z:4.10 E:0.60 Count X:1759 Y:3015 Z:7491

12:15:42.292  Current Pos. = [17.5, 30.0, 4.1, 0.6]
12:15:42.292  Current coords: [17.5, 30.0, 4.1, 0.6]
12:15:42.292  Part home = [17.5, 30.0, 4.1]
12:15:44.821  Trying to generate toolpath... 
12:15:44.821  Tip Diameter = 0.54
12:15:44.821  Tip Length = 12
12:15:44.821  Extrude Mult. = 1.0
12:15:44.822  Tip Height = 0.4
12:15:44.822  Prime Amt. = 0.6
12:15:44.822  Retract Amt. = 0.6
12:15:44.822  Requesting position [0]:
12:15:44.972  sendCommand:  b'M114\n' wait=False
12:15:44.977  >>>  X:17.50 Y:30.00 Z:4.10 E:0.60 Count X:1759 Y:3015 Z:7491

12:15:45.028  Current Pos. = [17.5, 30.0, 4.1, 0.6]
12:15:45.028  Current coords: [17.5, 30.0, 4.1, 0.6]
12:15:45.028  Flex Dist. = 0.011759
12:15:45.029  Requesting position [0]:
12:15:45.181  sendCommand:  b'M114\n' wait=False
12:15:45.187  >>>  X:17.50 Y:30.00 Z:4.10 E:0.60 Count X:1759 Y:3015 Z:7491

12:15:45.238  Current Pos. = [17.5, 30.0, 4.1, 0.6]
12:15:45.238  Current coords: [17.5, 30.0, 4.1, 0.6]
12:15:45.253  GCODE to run:
12:15:45.253  ******************************************
12:15:45.253  0.04004385183512748 mL of material required

12:15:45.253  M204 S500
12:15:45.253  G90
12:15:45.253  G0 Z4.511759 F500
12:15:45.253  G0 X17.5 Y42.5 Z4.511759 F5000
12:15:45.253  G1 E1.2 F150.0
12:15:45.253  G4 P80.0
12:15:45.253  G1 X17.5 Y31.0 Z4.511759 E1.209709 F180.0
12:15:45.253  G1 X18.25 Y31.0 Z4.511759 E1.210431 F180.0
12:15:45.253  G1 X18.25 Y42.5 Z4.511759 E1.22014 F180.0
12:15:45.253  G1 X19.0 Y42.5 Z4.511759 E1.220862 F180.0
12:15:45.254  G1 X19.0 Y31.0 Z4.511759 E1.230571 F180.0
12:15:45.254  G1 X19.0 Y30.0 Z4.511759 E1.231483 F180
12:15:45.254  G1 E0.631483 F30.0
12:15:45.254  G4 P0
12:15:45.254  G0 X17.5 Y42.5 Z4.811759 F5000
12:15:45.254  G1 E1.231483 F150.0
12:15:45.254  G4 P80.0
12:15:45.254  G1 X17.5 Y31.0 Z4.811759 E1.241192 F180.0
12:15:45.254  G1 X18.25 Y31.0 Z4.811759 E1.241914 F180.0
12:15:45.254  G1 X18.25 Y42.5 Z4.811759 E1.251623 F180.0
12:15:45.254  G1 X19.0 Y42.5 Z4.811759 E1.252345 F180.0
12:15:45.254  G1 X19.0 Y31.0 Z4.811759 E1.262054 F180.0
12:15:45.254  G1 X19.0 Y30.0 Z4.811759 E1.262966 F180
12:15:45.254  G1 E0.662966 F30.0
12:15:45.254  G4 P0
12:15:45.254  G0 X17.5 Y42.5 Z5.111759 F5000
12:15:45.254  G1 E1.262966 F150.0
12:15:45.254  G4 P80.0
12:15:45.254  G1 X17.5 Y31.0 Z5.111759 E1.272675 F180.0
12:15:45.254  G1 X18.25 Y31.0 Z5.111759 E1.273397 F180.0
12:15:45.254  G1 X18.25 Y42.5 Z5.111759 E1.283106 F180.0
12:15:45.254  G1 X19.0 Y42.5 Z5.111759 E1.283828 F180.0
12:15:45.255  G1 X19.0 Y31.0 Z5.111759 E1.293537 F180.0
12:15:45.255  G1 X19.0 Y30.0 Z5.111759 E1.294449 F180
12:15:45.255  G1 E0.694449 F30.0
12:15:45.255  G4 P0
12:15:45.255  G0 X17.5 Y42.5 Z5.411759 F5000
12:15:45.255  G1 E1.294449 F150.0
12:15:45.255  G4 P80.0
12:15:45.255  G1 X17.5 Y31.0 Z5.411759 E1.304158 F180.0
12:15:45.255  G1 X18.25 Y31.0 Z5.411759 E1.30488 F180.0
12:15:45.255  G1 X18.25 Y42.5 Z5.411759 E1.314589 F180.0
12:15:45.255  G1 X19.0 Y42.5 Z5.411759 E1.315311 F180.0
12:15:45.255  G1 X19.0 Y31.0 Z5.411759 E1.32502 F180.0
12:15:45.255  G1 X19.0 Y30.0 Z5.411759 E1.325932 F180
12:15:45.255  G1 E0.725932 F30.0
12:15:45.255  G4 P0
12:15:45.255  G0 X17.5 Y42.5 Z5.711759 F5000
12:15:45.255  G1 E1.325932 F150.0
12:15:45.255  G4 P80.0
12:15:45.255  G1 X17.5 Y31.0 Z5.711759 E1.335641 F180.0
12:15:45.255  G1 X18.25 Y31.0 Z5.711759 E1.336363 F180.0
12:15:45.255  G1 X18.25 Y42.5 Z5.711759 E1.346072 F180.0
12:15:45.255  G1 X19.0 Y42.5 Z5.711759 E1.346794 F180.0
12:15:45.255  G1 X19.0 Y31.0 Z5.711759 E1.356503 F180.0
12:15:45.255  G1 X19.0 Y30.0 Z5.711759 E1.357415 F180
12:15:45.255  G1 E0.757415 F30.0
12:15:45.256  G4 P0
12:15:45.256  G0 X17.5 Y42.5 Z6.011759 F5000
12:15:45.256  G1 E1.357415 F150.0
12:15:45.256  G4 P80.0
12:15:45.256  G1 X17.5 Y31.0 Z6.011759 E1.367124 F180.0
12:15:45.256  G1 X18.25 Y31.0 Z6.011759 E1.367846 F180.0
12:15:45.256  G1 X18.25 Y42.5 Z6.011759 E1.377555 F180.0
12:15:45.256  G1 X19.0 Y42.5 Z6.011759 E1.378277 F180.0
12:15:45.256  G1 X19.0 Y31.0 Z6.011759 E1.387986 F180.0
12:15:45.256  G1 X19.0 Y30.0 Z6.011759 E1.388898 F180
12:15:45.256  G1 E0.788898 F30.0
12:15:45.256  G4 P0
12:15:45.256  G1 X19.0 Y26.0 Z7.011759 F5000
12:15:45.256  G1 X19.0 Y30.0 Z6.511759 F5000
12:15:45.256  G1 X19.0 Y43.5 Z6.511759 F5000
12:15:45.257  G1 X19.0 Y43.5 Z4.081759 F5000
12:15:45.257  G1 X19.0 Y43.5 Z4.511759 F5000
12:15:45.257  G0 X17.5 Y55.0 Z4.511759 F5000
12:15:45.257  G1 E1.388898 F150.0
12:15:45.258  G4 P80.0
12:15:45.258  G1 X17.5 Y43.5 Z4.511759 E1.398607 F180.0
12:15:45.258  G1 X17.5 Y44.0 Z4.511759 E1.399154 F180
12:15:45.258  G1 E0.799154 F30.0
12:15:45.258  G4 P0
12:15:45.258  G1 X17.5 Y44.0 Z7.011759 F5000
12:15:45.258  G1 X17.5 Y38.5 Z7.011759 F5000
12:15:45.258  G1 X17.5 Y42.5 Z6.511759 F5000
12:15:45.258  G1 X17.5 Y30.0 Z6.511759 F5000
12:15:45.258  G1 X17.5 Y30.0 Z5.011759 F5000
12:15:45.258  # TIP CLEANING CODE:
12:15:45.258  <OMITTED>
12:15:45.258  ******************************************
12:15:46.791  Toolpath extents: [1.5, 25, 2.5]
12:15:46.791  Running toolpath:
12:15:46.791  sendCommand:  b'M204 S500\n' wait=False
12:15:46.794  sendCommand:  b'G90\n' wait=False
12:15:46.798  sendCommand:  b'G0 Z4.511759 F500\n' wait=False
12:15:46.803  sendCommand:  b'G0 X17.5 Y42.5 Z4.511759 F5000\n' wait=False
12:15:46.811  sendCommand:  b'G1 E1.2 F150.0\n' wait=False
12:15:46.819  sendCommand:  b'G4 P80.0\n' wait=False
12:15:47.540  sendCommand:  b'G1 X17.5 Y31.0 Z4.511759 E1.209709 F180.0\n' wait=False
12:15:47.548  sendCommand:  b'G1 X18.25 Y31.0 Z4.511759 E1.210431 F180.0\n' wait=False
12:15:47.556  sendCommand:  b'G1 X18.25 Y42.5 Z4.511759 E1.22014 F180.0\n' wait=False
12:15:47.564  sendCommand:  b'G1 X19.0 Y42.5 Z4.511759 E1.220862 F180.0\n' wait=False
12:15:47.573  sendCommand:  b'G1 X19.0 Y31.0 Z4.511759 E1.230571 F180.0\n' wait=False
12:15:47.581  sendCommand:  b'G1 X19.0 Y30.0 Z4.511759 E1.231483 F180\n' wait=False
12:15:47.589  sendCommand:  b'G1 E0.631483 F30.0\n' wait=False
12:15:47.597  sendCommand:  b'G4 P0\n' wait=False
12:16:01.074  sendCommand:  b'G0 X17.5 Y42.5 Z4.811759 F5000\n' wait=False
12:16:01.082  sendCommand:  b'G1 E1.231483 F150.0\n' wait=False
12:16:01.090  sendCommand:  b'G4 P80.0\n' wait=False
12:16:01.720  sendCommand:  b'G1 X17.5 Y31.0 Z4.811759 E1.241192 F180.0\n' wait=False
12:16:01.729  sendCommand:  b'G1 X18.25 Y31.0 Z4.811759 E1.241914 F180.0\n' wait=False
12:16:01.737  sendCommand:  b'G1 X18.25 Y42.5 Z4.811759 E1.251623 F180.0\n' wait=False
12:16:01.745  sendCommand:  b'G1 X19.0 Y42.5 Z4.811759 E1.252345 F180.0\n' wait=False
12:16:01.753  sendCommand:  b'G1 X19.0 Y31.0 Z4.811759 E1.262054 F180.0\n' wait=False
12:16:01.761  sendCommand:  b'G1 X19.0 Y30.0 Z4.811759 E1.262966 F180\n' wait=False
12:16:01.770  sendCommand:  b'G1 E0.662966 F30.0\n' wait=False
12:16:01.774  sendCommand:  b'G4 P0\n' wait=False
12:16:15.254  sendCommand:  b'G0 X17.5 Y42.5 Z5.111759 F5000\n' wait=False
12:16:15.262  sendCommand:  b'G1 E1.262966 F150.0\n' wait=False
12:16:15.271  sendCommand:  b'G4 P80.0\n' wait=False
12:16:15.913  sendCommand:  b'G1 X17.5 Y31.0 Z5.111759 E1.272675 F180.0\n' wait=False
12:16:15.922  sendCommand:  b'G1 X18.25 Y31.0 Z5.111759 E1.273397 F180.0\n' wait=False
12:16:15.930  sendCommand:  b'G1 X18.25 Y42.5 Z5.111759 E1.283106 F180.0\n' wait=False
12:16:15.938  sendCommand:  b'G1 X19.0 Y42.5 Z5.111759 E1.283828 F180.0\n' wait=False
12:16:15.946  sendCommand:  b'G1 X19.0 Y31.0 Z5.111759 E1.293537 F180.0\n' wait=False
12:16:15.955  sendCommand:  b'G1 X19.0 Y30.0 Z5.111759 E1.294449 F180\n' wait=False
12:16:15.963  sendCommand:  b'G1 E0.694449 F30.0\n' wait=False
12:16:15.967  sendCommand:  b'G4 P0\n' wait=False
12:16:29.447  sendCommand:  b'G0 X17.5 Y42.5 Z5.411759 F5000\n' wait=False
12:16:29.455  sendCommand:  b'G1 E1.294449 F150.0\n' wait=False
12:16:29.464  sendCommand:  b'G4 P80.0\n' wait=False
12:16:30.094  sendCommand:  b'G1 X17.5 Y31.0 Z5.411759 E1.304158 F180.0\n' wait=False
12:16:30.103  sendCommand:  b'G1 X18.25 Y31.0 Z5.411759 E1.30488 F180.0\n' wait=False
12:16:30.111  sendCommand:  b'G1 X18.25 Y42.5 Z5.411759 E1.314589 F180.0\n' wait=False
12:16:30.119  sendCommand:  b'G1 X19.0 Y42.5 Z5.411759 E1.315311 F180.0\n' wait=False
12:16:30.127  sendCommand:  b'G1 X19.0 Y31.0 Z5.411759 E1.32502 F180.0\n' wait=False
12:16:30.135  sendCommand:  b'G1 X19.0 Y30.0 Z5.411759 E1.325932 F180\n' wait=False
12:16:30.143  sendCommand:  b'G1 E0.725932 F30.0\n' wait=False
12:16:30.148  sendCommand:  b'G4 P0\n' wait=False
12:16:43.628  sendCommand:  b'G0 X17.5 Y42.5 Z5.711759 F5000\n' wait=False
12:16:43.636  sendCommand:  b'G1 E1.325932 F150.0\n' wait=False
12:16:43.644  sendCommand:  b'G4 P80.0\n' wait=False
12:16:44.275  sendCommand:  b'G1 X17.5 Y31.0 Z5.711759 E1.335641 F180.0\n' wait=False
12:16:44.283  sendCommand:  b'G1 X18.25 Y31.0 Z5.711759 E1.336363 F180.0\n' wait=False
12:16:44.291  sendCommand:  b'G1 X18.25 Y42.5 Z5.711759 E1.346072 F180.0\n' wait=False
12:16:44.300  sendCommand:  b'G1 X19.0 Y42.5 Z5.711759 E1.346794 F180.0\n' wait=False
12:16:44.308  sendCommand:  b'G1 X19.0 Y31.0 Z5.711759 E1.356503 F180.0\n' wait=False
12:16:44.316  sendCommand:  b'G1 X19.0 Y30.0 Z5.711759 E1.357415 F180\n' wait=False
12:16:44.324  sendCommand:  b'G1 E0.757415 F30.0\n' wait=False
12:16:44.332  sendCommand:  b'G4 P0\n' wait=False
12:16:57.809  sendCommand:  b'G0 X17.5 Y42.5 Z6.011759 F5000\n' wait=False
12:16:57.817  sendCommand:  b'G1 E1.357415 F150.0\n' wait=False
12:16:57.825  sendCommand:  b'G4 P80.0\n' wait=False
12:16:58.456  sendCommand:  b'G1 X17.5 Y31.0 Z6.011759 E1.367124 F180.0\n' wait=False
12:16:58.464  sendCommand:  b'G1 X18.25 Y31.0 Z6.011759 E1.367846 F180.0\n' wait=False
12:16:58.472  sendCommand:  b'G1 X18.25 Y42.5 Z6.011759 E1.377555 F180.0\n' wait=False
12:16:58.480  sendCommand:  b'G1 X19.0 Y42.5 Z6.011759 E1.378277 F180.0\n' wait=False
12:16:58.489  sendCommand:  b'G1 X19.0 Y31.0 Z6.011759 E1.387986 F180.0\n' wait=False
12:16:58.497  sendCommand:  b'G1 X19.0 Y30.0 Z6.011759 E1.388898 F180\n' wait=False
12:16:58.505  sendCommand:  b'G1 E0.788898 F30.0\n' wait=False
12:16:58.509  sendCommand:  b'G4 P0\n' wait=False
12:17:11.998  sendCommand:  b'G1 X19.0 Y26.0 Z7.011759 F5000\n' wait=False
12:17:12.006  sendCommand:  b'G1 X19.0 Y30.0 Z6.511759 F5000\n' wait=False
12:17:12.014  sendCommand:  b'G1 X19.0 Y43.5 Z6.511759 F5000\n' wait=False
12:17:12.023  sendCommand:  b'G1 X19.0 Y43.5 Z4.081759 F5000\n' wait=False
12:17:12.030  sendCommand:  b'G1 X19.0 Y43.5 Z4.511759 F5000\n' wait=False
12:17:12.039  sendCommand:  b'G0 X17.5 Y55.0 Z4.511759 F5000\n' wait=False
12:17:12.051  sendCommand:  b'G1 E1.388898 F150.0\n' wait=False
12:17:12.059  sendCommand:  b'G4 P80.0\n' wait=False
12:17:13.993  sendCommand:  b'G1 X17.5 Y43.5 Z4.511759 E1.398607 F180.0\n' wait=False
12:17:14.001  sendCommand:  b'G1 X17.5 Y44.0 Z4.511759 E1.399154 F180\n' wait=False
12:17:14.009  sendCommand:  b'G1 E0.799154 F30.0\n' wait=False
12:17:14.013  sendCommand:  b'G4 P0\n' wait=False
12:17:19.211  sendCommand:  b'G1 X17.5 Y44.0 Z7.011759 F5000\n' wait=False
12:17:19.215  sendCommand:  b'G1 X17.5 Y38.5 Z7.011759 F5000\n' wait=False
12:17:19.223  sendCommand:  b'G1 X17.5 Y42.5 Z6.511759 F5000\n' wait=False
12:17:19.232  sendCommand:  b'G1 X17.5 Y30.0 Z6.511759 F5000\n' wait=False
12:17:19.240  sendCommand:  b'G1 X17.5 Y30.0 Z5.011759 F5000\n' wait=False
12:17:19.248  <TIP CLEANING CODE OMITTED>
12:17:33.773  Volume used = 0.040044 mL
12:17:33.773  Requesting position [0]:
12:17:33.924  sendCommand:  b'M114\n' wait=False
12:17:35.463  >>>  X:17.50 Y:30.00 Z:5.10 E:0.80 Count X:1759 Y:3015 Z:9091

12:17:35.514  Current Pos. = [17.5, 30.0, 5.1, 0.8]
12:17:35.514  Current coords: [17.5, 30.0, 5.1, 0.8]
12:17:38.536  Accessing alignment lights...
12:17:38.587  Alignment lights set to 120
12:17:38.588  Switching to alignment camera
12:17:38.588  sendCommand:  b'G91\n' wait=False
12:17:38.588  Motion mode = relative
12:17:38.588  sendCommand:  b'G0 Z4.47 F500\n' wait=False
12:17:38.588  sendCommand:  b'G0 X-67.71 Y-6.15 F3000\n' wait=False
12:17:38.589  sendCommand:  b'G90\n' wait=False
12:17:38.591  Motion mode = absolute
12:17:47.632  moveTo 17.5,54.5,4.1, speed = 5000
12:17:47.632  Align coords = ['17.5', '54.5', '4.1']
12:17:47.632  Tip coords = ['-50.21', '48.35', '8.57', '0.8']
12:17:47.632  checkMove = PASS
12:17:47.632  sendCommand:  b'G0 X-50.21 Y48.35 F5000\n' wait=False
12:17:47.632  Dest. Pos. = [-50.21, 48.35, 8.57, 0.8]
12:17:47.632  sendCommand:  b'G0 Z8.57 F500\n' wait=True
12:17:47.633  Requesting position [0]:
12:17:47.783  sendCommand:  b'M114\n' wait=False
12:17:48.347  >>>  X:-50.21 Y:48.35 Z:8.57 E:0.80 Count X:-5046 Y:4859 Z:14382

12:17:48.398  Current Pos. = [-50.21, 48.35, 8.57, 0.8]
12:17:48.398  Requesting position [0]:
12:17:48.548  sendCommand:  b'M114\n' wait=False
12:17:48.556  >>>  X:-50.21 Y:48.35 Z:8.57 E:0.80 Count X:-5046 Y:4859 Z:14382

12:17:48.607  Current Pos. = [-50.21, 48.35, 8.57, 0.8]
12:17:48.607  Requesting position [0]:
12:17:48.758  sendCommand:  b'M114\n' wait=False
12:17:48.765  >>>  X:-50.21 Y:48.35 Z:8.57 E:0.80 Count X:-5046 Y:4859 Z:14382

12:17:48.816  Current Pos. = [-50.21, 48.35, 8.57, 0.8]
12:17:48.816  Destination reached
12:17:51.374303  Expt# set: 4.0
12:17:57.091  Anal. complete. (5.7s)
12:17:57.095  Result = 0.798174
12:17:57.095  Recording data for expt #4.0...
12:17:57.097  Planned Params = ['VAL_PRIME_DELAY']
12:17:57.098  vector_params = ['Result Value']
12:17:57.098  newVector = [0]
12:17:57.098  Requesting temperatures:
12:17:57.098  Fetching output...
12:17:57.152  sendCommand:  b'M105\n' wait=False
12:17:57.257  Fetching output...
12:17:57.308  Bed = 24.78, Acc = 25.50 (209.439ms)
12:17:57.320  config.data['PlannedParams'] = VAL_PRIME_DELAY
12:17:57.321  Planned Params = ['VAL_PRIME_DELAY']
12:17:57.321  Data recorded (0.225 s)
